[03:04:30 INF] Settings loaded from C:\Users\Micha\AppData\Local\ConditioningControlPanel\settings.json (Triggers: 18)
[03:04:30 INF] Loaded 4618 strings for language 'en'
[03:04:30 DBG] Layer registered: BubbleLayer at Z=45
[03:04:30 INF] Extracted bundled built-in mod drone-mode from E:\Code\Conditioning-Control-Panel\ConditioningControlPanel\CCP.Avalonia.Desktop.Windows\bin\Debug\net8.0-windows10.0.19041.0\DroneMod\drone-mode.ccpmod
[03:04:30 DBG] Settings.Save: ActivePackIds BEFORE serialize: []
[03:04:30 INF] Registered bundled built-in mod drone-mode from C:\Users\Micha\AppData\Local\ConditioningControlPanel\builtin_mods\drone-mode
[03:04:30 INF] Registered resource mod builtin-locked with assets at C:\Users\Micha\AppData\Local\ConditioningControlPanel\builtin_mods\builtin-locked
[03:04:30 INF] AvaloniaModService initialized — active mod: builtin-sissyhypno (Sissy Hypno)
[03:04:30 INF] AchievementService initialized. 6 achievements unlocked.
[03:04:30 INF] QuestService initialized. Daily: lock_it_in_d, Weekly: total_submission_w
[03:04:30 DBG] Settings saved to C:\Users\Micha\AppData\Local\ConditioningControlPanel\settings.json (Triggers: 18, ActivePacks: 0)
[03:04:30 DBG] AvaloniaSettingsBackupProvider: backed up settings to C:\Users\Micha\AppData\Local\ConditioningControlPanel\settings-backups\settings-20260627-010430-dca1114a.json
[03:04:31 DBG] Low-level keyboard hook installed
[03:04:31 DBG] Low-level mouse hook installed
[03:04:31 DBG] Layer registered: FlashLayer at Z=30
[03:04:31 INF] AvaloniaFlashService: images path refreshed to Z:\CCP Vids\images
[03:04:31 DBG] Layer registered: SubliminalLayer at Z=40
[03:04:31 DBG] Layer registered: VideoLayer at Z=10
[03:04:31 DBG] Layer registered: MandatoryVideoLayer at Z=15
[03:04:31 DBG] AvaloniaVideoService: 670 -> 634 after duration filter [0s, 589s]
[03:04:31 DBG] Layer registered: BouncingTextLayer at Z=50
[03:04:31 INF] AvaloniaWebcamTrackingService: constructed
[03:04:31 INF] AvaloniaCommunityPromptService initialized. Prompts folder: C:\Users\Micha\AppData\Local\ConditioningControlPanel\community-prompts
[03:04:31 INF] AvaloniaCompanionService initialized. Active companion: Synthetic Blowdoll
[03:04:31 DBG] Loaded custom session: Gamer Girl, BonusXP=2050, Source=Custom
[03:04:31 INF] AvaloniaRoadmapService initialized. Track1: True, Track2: False, Track3: False
[03:04:31 DBG] Loaded quest definitions cache: v1
[03:04:31 DBG] ContentPackService.GetActivePackIds: Returning 0 active packs: []
[03:04:31 INF] LeaderboardService initialized with 30-minute auto-refresh
[03:04:31 INF] AvaloniaAvatarPortraitService: loaded 20 emotions, 4 skins, 248 lines from E:\Code\Conditioning-Control-Panel\ConditioningControlPanel\CCP.Avalonia.Desktop.Windows\bin\Debug\net8.0-windows10.0.19041.0\Resources\sounds\companion_audio\mods\builtin-sissyhypno\avatar_manifest.json
[03:04:31 INF] Avatar portrait mode ON (skin 0/4, emotion 'neutral')
[03:04:31 INF] Tube style changed to: tube.png
[03:04:31 INF] AvatarTubeWindow initialized with avatar set 1 for level 87
[03:04:31 INF] Avatar Tube Window initialized (visible=False, pos=26, 26, size=1424, 714)
[03:04:31 INF] Include videos toggled: True
[03:04:31 INF] AvaloniaWebcamTrackingService: 3 video-capture device(s) detected: [0] OBSBOT Meet 4K StreamCamera | [1] OBSBOT Virtual Camera | [2] OBS Virtual Camera
[03:04:31 INF] AvaloniaWebcamTrackingService: 3 device(s) available after refresh
[03:04:32 INF] Autonomy behavior CanTriggerFlash = True
[03:04:32 INF] Autonomy behavior CanTriggerVideo = True
[03:04:32 INF] Autonomy behavior CanTriggerWebVideo = True
[03:04:32 INF] Autonomy behavior CanTriggerSubliminal = True
[03:04:32 INF] Autonomy behavior CanTriggerBubbles = True
[03:04:32 INF] Autonomy behavior CanTriggerMindWipe = True
[03:04:32 INF] Autonomy behavior CanTriggerLockCard = True
[03:04:32 INF] Autonomy behavior CanTriggerSpiral = True
[03:04:32 INF] Autonomy behavior CanComment = True
[03:04:32 INF] Autonomy behavior CanTriggerPinkFilter = True
[03:04:32 INF] Autonomy behavior CanTriggerBouncingText = True
[03:04:32 INF] Autonomy behavior CanTriggerBubbleCount = True
[03:04:32 INF] Haptic event BubbleEnabled enabled = True
[03:04:32 INF] Haptic event FlashDisplayEnabled enabled = True
[03:04:32 INF] Haptic event FlashClickEnabled enabled = True
[03:04:32 INF] Haptic event VideoEnabled enabled = True
[03:04:32 INF] Haptic event TargetHitEnabled enabled = True
[03:04:32 INF] Haptic event TargetHitModeIndex mode = Pulse
[03:04:32 INF] Haptic event SubliminalEnabled enabled = True
[03:04:32 INF] Haptic event SubliminalModeIndex mode = Pulse
[03:04:32 INF] Haptic event LevelUpEnabled enabled = True
[03:04:32 INF] Haptic event LevelUpModeIndex mode = Escalate
[03:04:32 INF] Haptic event AchievementEnabled enabled = True
[03:04:32 INF] Haptic event AchievementModeIndex mode = Heartbeat
[03:04:32 INF] Haptic event BouncingTextEnabled enabled = True
[03:04:32 INF] Haptic event BouncingTextModeIndex mode = Pulse
[03:04:32 INF] Awareness screen OCR toggled: True
[03:04:32 INF] ScreenOcrService started (interval: 3000ms, first scan in 10000ms)
[03:04:32 INF] Awareness master switch toggled: True
[03:04:32 DBG] Settings.Save: ActivePackIds BEFORE serialize: []
[03:04:32 DBG] Settings saved to C:\Users\Micha\AppData\Local\ConditioningControlPanel\settings.json (Triggers: 18, ActivePacks: 0)
[03:04:37 INF] Checking for updates... (current: 6.1.7, force: False, installed: 6.1.7)
[03:04:37 DBG] Checking GitHub releases API: https://api.github.com/repos/CodeBambi/Conditioning-Control-Panel---CSharp-WPF/releases/latest
[03:04:37 INF] GitHub API reports latest version: 6.1.7
[03:04:37 INF] GitHub version comparison: latest=6.1.7, current=6.1.7, isNewer=False
[03:04:37 INF] No updates available from GitHub API
[03:04:40 INF] Session started: Pink Cloud (Quick Start)
[03:04:40 INF] Starting session effects for Pink Cloud (Quick Start)
[03:04:40 INF] CompositorWindow created on 
[03:04:40 INF] CompositorWindow created on 
[03:04:40 INF] CompositorWindow created on 
[03:04:40 INF] CompositorEngine started: 3 window(s)
[03:04:40 DBG] Layer registered: PinkTintLayer at Z=70
[03:04:40 DBG] Layer registered: SpiralLayer at Z=60
[03:04:40 DBG] Layer registered: BrainDrainLayer at Z=55
[03:04:40 INF] AvaloniaOverlayService started (compositor layers)
[03:04:40 INF] Low-level mouse hook installed
[03:04:40 INF] AvaloniaFlashService started, images path: Z:\CCP Vids\images
[03:04:40 DBG] AvaloniaVideoService: 670 -> 634 after duration filter [0s, 589s]
[03:04:40 INF] AvaloniaVideoService started (videos: 634)
[03:04:40 INF] AvaloniaSubliminalService started
[03:04:40 INF] AvaloniaBouncingTextService started - Text: NO THOUGHTS, Size: 262.125x47.8828125
[03:04:40 DBG] BubbleCount: next game in 1081.6s
[03:04:40 INF] BubbleCount started - 3/hour
[03:04:40 INF] AvaloniaLockCardService started - approximately 2/hour
[03:04:40 INF] AvaloniaPopQuizService started — approximately 10/hour
[03:04:40 DBG] Settings.Save: ActivePackIds BEFORE serialize: []
[03:04:40 DBG] Settings saved to C:\Users\Micha\AppData\Local\ConditioningControlPanel\settings.json (Triggers: 18, ActivePacks: 0)
[03:04:42 INF] OCR self-exclusion: dropped 302/309 words inside 7 CCP rect(s)
[03:04:45 INF] OCR self-exclusion: dropped 310/317 words inside 6 CCP rect(s)
[03:04:47 INF] Autonomy consent granted and enabled
[03:04:47 DBG] Settings.Save: ActivePackIds BEFORE serialize: []
[03:04:47 DBG] Settings saved to C:\Users\Micha\AppData\Local\ConditioningControlPanel\settings.json (Triggers: 18, ActivePacks: 0)
[03:04:48 INF] OCR self-exclusion: dropped 281/287 words inside 4 CCP rect(s)
[03:04:50 DBG] Settings.Save: ActivePackIds BEFORE serialize: []
[03:04:50 DBG] Settings saved to C:\Users\Micha\AppData\Local\ConditioningControlPanel\settings.json (Triggers: 18, ActivePacks: 0)
[03:04:51 INF] OCR self-exclusion: dropped 277/284 words inside 5 CCP rect(s)
[03:04:52 INF] Session stopped early
[03:04:52 INF] Stopping all session effects
[03:04:52 INF] AvaloniaFlashService stopped
[03:04:52 INF] AvaloniaMultiMonitorVideo: Playback stopped
[03:04:52 DBG] InteractionQueue: Complete(Video) called but queue already clear
[03:04:52 INF] AvaloniaVideoService stopped
[03:04:52 INF] AvaloniaSubliminalService stopped
[03:04:52 INF] AvaloniaBouncingTextService stopped
[03:04:52 DBG] BubbleCount: busy state reset
[03:04:52 INF] BubbleCount stopped
[03:04:52 DBG] InteractionQueue: Complete(LockCard) called but queue already clear
[03:04:52 INF] AvaloniaLockCardService stopped
[03:04:52 INF] AvaloniaPopQuizService stopped
[03:04:52 DBG] Layer unregistered: PinkTintLayer
[03:04:52 DBG] Layer unregistered: SpiralLayer
[03:04:52 DBG] Layer unregistered: BrainDrainLayer
[03:04:52 INF] AvaloniaOverlayService stopped
[03:04:53 DBG] Settings.Save: ActivePackIds BEFORE serialize: []
[03:04:53 DBG] Settings saved to C:\Users\Micha\AppData\Local\ConditioningControlPanel\settings.json (Triggers: 18, ActivePacks: 0)
[03:04:53 INF] CompositorEngine stopped
[03:04:54 INF] OCR self-exclusion: dropped 98/287 words inside 2 CCP rect(s)
[03:04:57 INF] OCR self-exclusion: dropped 90/276 words inside 2 CCP rect(s)
[03:05:00 INF] OCR self-exclusion: dropped 99/303 words inside 2 CCP rect(s)
[03:05:03 INF] OCR self-exclusion: dropped 93/288 words inside 2 CCP rect(s)
[03:05:06 INF] OCR self-exclusion: dropped 93/292 words inside 2 CCP rect(s)
[03:05:09 INF] OCR self-exclusion: dropped 73/270 words inside 2 CCP rect(s)
[03:05:12 INF] OCR self-exclusion: dropped 108/310 words inside 3 CCP rect(s)
[03:05:12 DBG] Settings.Save: ActivePackIds BEFORE serialize: []
[03:05:12 DBG] Settings saved to C:\Users\Micha\AppData\Local\ConditioningControlPanel\settings.json (Triggers: 18, ActivePacks: 0)
[03:05:12 DBG] AvaloniaSettingsBackupProvider: backed up settings to C:\Users\Micha\AppData\Local\ConditioningControlPanel\settings-backups\settings-20260627-010512-fce359e2.json
[03:05:15 INF] OCR self-exclusion: dropped 102/288 words inside 2 CCP rect(s)
[03:05:15 INF] Session started: Pink Cloud (Quick Start)
[03:05:15 INF] Starting session effects for Pink Cloud (Quick Start)
[03:05:15 INF] CompositorWindow created on 
[03:05:15 INF] CompositorWindow created on 
[03:05:15 INF] CompositorWindow created on 
[03:05:15 INF] CompositorEngine started: 3 window(s)
[03:05:15 DBG] Layer registered: PinkTintLayer at Z=70
[03:05:15 DBG] Layer registered: SpiralLayer at Z=60
[03:05:15 DBG] Layer registered: BrainDrainLayer at Z=55
[03:05:15 INF] AvaloniaOverlayService started (compositor layers)
[03:05:15 INF] Low-level mouse hook installed
[03:05:15 INF] AvaloniaFlashService started, images path: Z:\CCP Vids\images
[03:05:15 DBG] AvaloniaVideoService: 670 -> 634 after duration filter [0s, 589s]
[03:05:15 INF] AvaloniaVideoService started (videos: 634)
[03:05:15 INF] AvaloniaSubliminalService started
[03:05:15 INF] AvaloniaBouncingTextService started - Text: MINE, Size: 93.462890625x47.8828125
[03:05:15 DBG] BubbleCount: next game in 1199.7s
[03:05:15 INF] BubbleCount started - 3/hour
[03:05:15 INF] AvaloniaLockCardService started - approximately 2/hour
[03:05:15 INF] AvaloniaPopQuizService started — approximately 10/hour
[03:05:16 DBG] Settings.Save: ActivePackIds BEFORE serialize: []
[03:05:16 DBG] Settings saved to C:\Users\Micha\AppData\Local\ConditioningControlPanel\settings.json (Triggers: 18, ActivePacks: 0)
[03:05:18 INF] OCR self-exclusion: dropped 291/296 words inside 6 CCP rect(s)
[03:05:21 INF] OCR self-exclusion: dropped 295/300 words inside 6 CCP rect(s)
[03:05:23 INF] Session stopped early
[03:05:23 INF] Stopping all session effects
[03:05:23 INF] AvaloniaFlashService stopped
[03:05:23 INF] AvaloniaMultiMonitorVideo: Playback stopped
[03:05:23 DBG] InteractionQueue: Complete(Video) called but queue already clear
[03:05:23 INF] AvaloniaVideoService stopped
[03:05:23 INF] AvaloniaSubliminalService stopped
[03:05:23 INF] AvaloniaBouncingTextService stopped
[03:05:23 DBG] BubbleCount: busy state reset
[03:05:23 INF] BubbleCount stopped
[03:05:23 DBG] InteractionQueue: Complete(LockCard) called but queue already clear
[03:05:23 INF] AvaloniaLockCardService stopped
[03:05:23 INF] AvaloniaPopQuizService stopped
[03:05:23 DBG] Layer unregistered: PinkTintLayer
[03:05:23 DBG] Layer unregistered: SpiralLayer
[03:05:23 DBG] Layer unregistered: BrainDrainLayer
[03:05:23 INF] AvaloniaOverlayService stopped
[03:05:24 DBG] Settings.Save: ActivePackIds BEFORE serialize: []
[03:05:24 DBG] Settings saved to C:\Users\Micha\AppData\Local\ConditioningControlPanel\settings.json (Triggers: 18, ActivePacks: 0)
[03:05:24 INF] CompositorEngine stopped
[03:05:24 INF] OCR self-exclusion: dropped 105/282 words inside 2 CCP rect(s)
[03:05:27 INF] OCR self-exclusion: dropped 107/296 words inside 2 CCP rect(s)
[03:05:30 INF] OCR self-exclusion: dropped 96/288 words inside 2 CCP rect(s)
[03:05:34 DBG] Settings.Save: ActivePackIds BEFORE serialize: []
[03:05:34 DBG] Settings saved to C:\Users\Micha\AppData\Local\ConditioningControlPanel\settings.json (Triggers: 18, ActivePacks: 0)
