[13:12:57 INF] Settings loaded from C:\Users\Micha\AppData\Local\ConditioningControlPanel\settings.json (Triggers: 18)
[13:12:57 INF] Loaded 4575 strings for language 'en'
[13:12:57 INF] AchievementService initialized. 1 achievements unlocked.
[13:12:57 DBG] Low-level keyboard hook installed
[13:12:57 DBG] Low-level mouse hook installed
[13:12:57 INF] AvaloniaFlashService: images path refreshed to Z:\CCP Vids\images
[13:12:57 INF] AvaloniaWebcamTrackingService: constructed
[13:12:57 INF] AvaloniaCommunityPromptService initialized. Prompts folder: C:\Users\Micha\AppData\Local\ConditioningControlPanel\community-prompts
[13:12:57 INF] AvaloniaCompanionService initialized. Active companion: Synthetic Blowdoll
[13:12:57 DBG] Settings.Save: ActivePackIds BEFORE serialize: []
[13:12:57 INF] Extracted bundled built-in mod drone-mode from E:\Code\Conditioning-Control-Panel\ConditioningControlPanel\CCP.Avalonia.Desktop.Windows\bin\Debug\net8.0-windows10.0.19041.0\DroneMod\drone-mode.ccpmod
[13:12:57 INF] Registered bundled built-in mod drone-mode from C:\Users\Micha\AppData\Local\ConditioningControlPanel\builtin_mods\drone-mode
[13:12:57 INF] Registered resource mod builtin-locked with assets at C:\Users\Micha\AppData\Local\ConditioningControlPanel\builtin_mods\builtin-locked
[13:12:57 INF] AvaloniaModService initialized — active mod: drone-mode (Dronification)
[13:12:57 DBG] Settings saved to C:\Users\Micha\AppData\Local\ConditioningControlPanel\settings.json (Triggers: 18, ActivePacks: 0)
[13:12:58 DBG] AvaloniaSettingsBackupProvider: backed up settings to C:\Users\Micha\AppData\Local\ConditioningControlPanel\settings-backups\settings-20260623-111257-3745a215.json
[13:12:58 DBG] Loaded custom session: Gamer Girl, BonusXP=2050, Source=Custom
[13:12:58 INF] AvaloniaRoadmapService initialized. Track1: True, Track2: False, Track3: False
[13:12:58 INF] QuestService initialized. Daily: bimbo_basics_d, Weekly: total_submission_w
[13:12:58 DBG] Loaded quest definitions cache: v1
[13:12:58 INF] Scanning Deeper library folder: Z:\CCP Vids
[13:12:58 INF] Reloading Deeper library
[13:12:58 DBG] ContentPackService.GetActivePackIds: Returning 0 active packs: []
[13:12:58 INF] LeaderboardService initialized with 30-minute auto-refresh
[13:12:58 DBG] ModResourceResolver: loaded override C:\Users\Micha\AppData\Local\ConditioningControlPanel\builtin_mods\drone-mode\resources\avatar_pose1.png
[13:12:58 DBG] ModResourceResolver: loaded override C:\Users\Micha\AppData\Local\ConditioningControlPanel\builtin_mods\drone-mode\resources\avatar_pose2.png
[13:12:58 DBG] ModResourceResolver: loaded override C:\Users\Micha\AppData\Local\ConditioningControlPanel\builtin_mods\drone-mode\resources\avatar_pose3.png
[13:12:58 DBG] ModResourceResolver: loaded override C:\Users\Micha\AppData\Local\ConditioningControlPanel\builtin_mods\drone-mode\resources\avatar_pose4.png
[13:12:58 DBG] TryUpdateCirceEmoteMode: wanted=False, folder=null, currentMode=False, engineActive=null
[13:12:58 DBG] ModResourceResolver: loaded override C:\Users\Micha\AppData\Local\ConditioningControlPanel\builtin_mods\drone-mode\resources\tube.png
[13:12:58 INF] Tube style changed to: tube.png
[13:12:58 INF] AvatarTubeWindow initialized with avatar set 1 for level 47
[13:12:58 INF] Avatar Tube Window initialized (visible=False, pos=52, 52, size=1424, 714)
[13:12:58 INF] Autonomy behavior CanTriggerFlash = True
[13:12:58 INF] Autonomy behavior CanTriggerVideo = True
[13:12:58 INF] Autonomy behavior CanTriggerWebVideo = True
[13:12:58 INF] Autonomy behavior CanTriggerSubliminal = True
[13:12:58 INF] Autonomy behavior CanTriggerBubbles = True
[13:12:58 INF] Autonomy behavior CanTriggerMindWipe = True
[13:12:58 INF] Autonomy behavior CanTriggerLockCard = True
[13:12:58 INF] Autonomy behavior CanTriggerSpiral = True
[13:12:58 INF] Autonomy behavior CanComment = True
[13:12:58 INF] Autonomy behavior CanTriggerPinkFilter = True
[13:12:58 INF] Autonomy behavior CanTriggerBouncingText = True
[13:12:58 INF] Autonomy behavior CanTriggerBubbleCount = True
[13:12:58 INF] Haptic event BubbleEnabled enabled = True
[13:12:58 INF] Haptic event FlashDisplayEnabled enabled = True
[13:12:58 INF] Haptic event FlashClickEnabled enabled = True
[13:12:58 INF] Haptic event VideoEnabled enabled = True
[13:12:58 INF] Haptic event TargetHitEnabled enabled = True
[13:12:58 INF] Haptic event TargetHitModeIndex mode = Pulse
[13:12:58 INF] Haptic event SubliminalEnabled enabled = True
[13:12:58 INF] Haptic event SubliminalModeIndex mode = Pulse
[13:12:58 INF] Haptic event LevelUpEnabled enabled = True
[13:12:58 INF] Haptic event LevelUpModeIndex mode = Escalate
[13:12:58 INF] Haptic event AchievementEnabled enabled = True
[13:12:58 INF] Haptic event AchievementModeIndex mode = Heartbeat
[13:12:58 INF] Haptic event BouncingTextEnabled enabled = True
[13:12:58 INF] Haptic event BouncingTextModeIndex mode = Pulse
[13:12:58 INF] Awareness screen OCR toggled: True
[13:12:58 INF] Awareness master switch toggled: True
[13:12:58 DBG] ModResourceResolver: loaded override C:\Users\Micha\AppData\Local\ConditioningControlPanel\builtin_mods\drone-mode\resources\features\flash.png
[13:12:58 DBG] ModResourceResolver: loaded override C:\Users\Micha\AppData\Local\ConditioningControlPanel\builtin_mods\drone-mode\resources\features\mandatory_videos.png
[13:12:58 DBG] ModResourceResolver: loaded override C:\Users\Micha\AppData\Local\ConditioningControlPanel\builtin_mods\drone-mode\resources\features\subliminal.png
[13:12:58 DBG] ModResourceResolver: loaded override C:\Users\Micha\AppData\Local\ConditioningControlPanel\builtin_mods\drone-mode\resources\features\spiral_overlay.png
[13:12:58 DBG] ModResourceResolver: loaded override C:\Users\Micha\AppData\Local\ConditioningControlPanel\builtin_mods\drone-mode\resources\features\Phrase_Lock.png
[13:12:58 DBG] ModResourceResolver: loaded override C:\Users\Micha\AppData\Local\ConditioningControlPanel\builtin_mods\drone-mode\resources\features\Pink_filter.png
[13:12:58 DBG] ModResourceResolver: loaded override C:\Users\Micha\AppData\Local\ConditioningControlPanel\builtin_mods\drone-mode\resources\features\Mind_Wipers.png
[13:12:58 DBG] ModResourceResolver: loaded override C:\Users\Micha\AppData\Local\ConditioningControlPanel\builtin_mods\drone-mode\resources\features\Bubble_pop.png
[13:12:58 DBG] ModResourceResolver: loaded override C:\Users\Micha\AppData\Local\ConditioningControlPanel\builtin_mods\drone-mode\resources\features\bouncing_text.png
[13:12:58 DBG] ModResourceResolver: loaded override C:\Users\Micha\AppData\Local\ConditioningControlPanel\builtin_mods\drone-mode\resources\features\Bubble_count.png
[13:12:58 DBG] ModResourceResolver: loaded override C:\Users\Micha\AppData\Local\ConditioningControlPanel\builtin_mods\drone-mode\resources\logo.png
[13:12:58 DBG] ModResourceResolver: loaded override C:\Users\Micha\AppData\Local\ConditioningControlPanel\builtin_mods\drone-mode\resources\logo.png
[13:12:58 DBG] ModResourceResolver: loaded override C:\Users\Micha\AppData\Local\ConditioningControlPanel\builtin_mods\drone-mode\resources\features\flash.png
[13:12:58 DBG] ModResourceResolver: loaded override C:\Users\Micha\AppData\Local\ConditioningControlPanel\builtin_mods\drone-mode\resources\features\mandatory_videos.png
[13:12:58 DBG] ModResourceResolver: loaded override C:\Users\Micha\AppData\Local\ConditioningControlPanel\builtin_mods\drone-mode\resources\features\subliminal.png
[13:12:58 DBG] ModResourceResolver: loaded override C:\Users\Micha\AppData\Local\ConditioningControlPanel\builtin_mods\drone-mode\resources\features\spiral_overlay.png
[13:12:58 DBG] ModResourceResolver: loaded override C:\Users\Micha\AppData\Local\ConditioningControlPanel\builtin_mods\drone-mode\resources\features\Phrase_Lock.png
[13:12:58 DBG] ModResourceResolver: loaded override C:\Users\Micha\AppData\Local\ConditioningControlPanel\builtin_mods\drone-mode\resources\features\Pink_filter.png
[13:12:58 DBG] ModResourceResolver: loaded override C:\Users\Micha\AppData\Local\ConditioningControlPanel\builtin_mods\drone-mode\resources\features\Mind_Wipers.png
[13:12:58 DBG] ModResourceResolver: loaded override C:\Users\Micha\AppData\Local\ConditioningControlPanel\builtin_mods\drone-mode\resources\features\Bubble_pop.png
[13:12:58 DBG] ModResourceResolver: loaded override C:\Users\Micha\AppData\Local\ConditioningControlPanel\builtin_mods\drone-mode\resources\features\bouncing_text.png
[13:12:58 DBG] ModResourceResolver: loaded override C:\Users\Micha\AppData\Local\ConditioningControlPanel\builtin_mods\drone-mode\resources\features\Bubble_count.png
[13:12:58 DBG] Settings.Save: ActivePackIds BEFORE serialize: []
[13:12:58 DBG] Settings saved to C:\Users\Micha\AppData\Local\ConditioningControlPanel\settings.json (Triggers: 18, ActivePacks: 0)
[13:13:03 INF] Checking for updates... (current: 6.1.6, force: False, installed: 6.1.6)
[13:13:03 DBG] Checking GitHub releases API: https://api.github.com/repos/CodeBambi/Conditioning-Control-Panel---CSharp-WPF/releases/latest
[13:13:03 INF] GitHub API reports latest version: 6.1.7
[13:13:03 INF] GitHub version comparison: latest=6.1.7, current=6.1.6, isNewer=True
[13:13:03 DBG] Parsed installer size from GitHub: 1311147720 bytes
[13:13:03 INF] Update available: 6.1.7
