[13:02:47 INF] Settings loaded from C:\Users\Micha\AppData\Local\ConditioningControlPanel\settings.json (Triggers: 18)
[13:02:47 INF] Loaded 4575 strings for language 'en'
[13:02:47 INF] AchievementService initialized. 1 achievements unlocked.
[13:02:48 DBG] Low-level keyboard hook installed
[13:02:48 DBG] Low-level mouse hook installed
[13:02:48 INF] Extracted bundled built-in mod drone-mode from E:\Code\Conditioning-Control-Panel\ConditioningControlPanel\CCP.Avalonia.Desktop.Windows\bin\Debug\net8.0-windows10.0.19041.0\DroneMod\drone-mode.ccpmod
[13:02:48 INF] Registered bundled built-in mod drone-mode from C:\Users\Micha\AppData\Local\ConditioningControlPanel\builtin_mods\drone-mode
[13:02:48 INF] Registered resource mod builtin-locked with assets at C:\Users\Micha\AppData\Local\ConditioningControlPanel\builtin_mods\builtin-locked
[13:02:48 INF] AvaloniaModService initialized — active mod: drone-mode (Dronification)
[13:02:48 INF] AvaloniaFlashService: images path refreshed to Z:\CCP Vids\images
[13:02:48 INF] AvaloniaWebcamTrackingService: constructed
[13:02:48 INF] AvaloniaCommunityPromptService initialized. Prompts folder: C:\Users\Micha\AppData\Local\ConditioningControlPanel\community-prompts
[13:02:48 INF] AvaloniaCompanionService initialized. Active companion: Synthetic Blowdoll
[13:02:48 DBG] Settings.Save: ActivePackIds BEFORE serialize: []
[13:02:48 DBG] Settings saved to C:\Users\Micha\AppData\Local\ConditioningControlPanel\settings.json (Triggers: 18, ActivePacks: 0)
[13:02:48 DBG] AvaloniaSettingsBackupProvider: backed up settings to C:\Users\Micha\AppData\Local\ConditioningControlPanel\settings-backups\settings-20260623-110248-3455db9d.json
[13:02:48 DBG] Loaded custom session: Gamer Girl, BonusXP=2050, Source=Custom
[13:02:48 INF] AvaloniaRoadmapService initialized. Track1: True, Track2: False, Track3: False
[13:02:48 INF] QuestService initialized. Daily: bimbo_basics_d, Weekly: total_submission_w
[13:02:48 DBG] Loaded quest definitions cache: v1
[13:02:48 INF] Scanning Deeper library folder: Z:\CCP Vids
[13:02:48 INF] Reloading Deeper library
[13:02:48 DBG] ContentPackService.GetActivePackIds: Returning 0 active packs: []
[13:02:48 INF] LeaderboardService initialized with 30-minute auto-refresh
[13:02:48 DBG] ModResourceResolver: loaded override C:\Users\Micha\AppData\Local\ConditioningControlPanel\builtin_mods\drone-mode\resources\avatar_pose1.png
[13:02:48 DBG] ModResourceResolver: loaded override C:\Users\Micha\AppData\Local\ConditioningControlPanel\builtin_mods\drone-mode\resources\avatar_pose2.png
[13:02:48 DBG] ModResourceResolver: loaded override C:\Users\Micha\AppData\Local\ConditioningControlPanel\builtin_mods\drone-mode\resources\avatar_pose3.png
[13:02:48 DBG] ModResourceResolver: loaded override C:\Users\Micha\AppData\Local\ConditioningControlPanel\builtin_mods\drone-mode\resources\avatar_pose4.png
[13:02:48 DBG] TryUpdateCirceEmoteMode: wanted=False, folder=null, currentMode=False, engineActive=null
[13:02:48 DBG] ModResourceResolver: loaded override C:\Users\Micha\AppData\Local\ConditioningControlPanel\builtin_mods\drone-mode\resources\tube.png
[13:02:48 INF] Tube style changed to: tube.png
[13:02:48 INF] AvatarTubeWindow initialized with avatar set 1 for level 46
[13:02:48 INF] Avatar Tube Window initialized (visible=False, pos=26, 26, size=1424, 714)
[13:02:48 INF] Autonomy behavior CanTriggerFlash = True
[13:02:48 INF] Autonomy behavior CanTriggerVideo = True
[13:02:48 INF] Autonomy behavior CanTriggerWebVideo = True
[13:02:48 INF] Autonomy behavior CanTriggerSubliminal = True
[13:02:48 INF] Autonomy behavior CanTriggerBubbles = True
[13:02:48 INF] Autonomy behavior CanTriggerMindWipe = True
[13:02:48 INF] Autonomy behavior CanTriggerLockCard = True
[13:02:48 INF] Autonomy behavior CanTriggerSpiral = True
[13:02:48 INF] Autonomy behavior CanComment = True
[13:02:48 INF] Autonomy behavior CanTriggerPinkFilter = True
[13:02:48 INF] Autonomy behavior CanTriggerBouncingText = True
[13:02:48 INF] Autonomy behavior CanTriggerBubbleCount = True
[13:02:48 INF] Haptic event BubbleEnabled enabled = True
[13:02:48 INF] Haptic event FlashDisplayEnabled enabled = True
[13:02:48 INF] Haptic event FlashClickEnabled enabled = True
[13:02:48 INF] Haptic event VideoEnabled enabled = True
[13:02:48 INF] Haptic event TargetHitEnabled enabled = True
[13:02:48 INF] Haptic event TargetHitModeIndex mode = Pulse
[13:02:48 INF] Haptic event SubliminalEnabled enabled = True
[13:02:48 INF] Haptic event SubliminalModeIndex mode = Pulse
[13:02:48 INF] Haptic event LevelUpEnabled enabled = True
[13:02:48 INF] Haptic event LevelUpModeIndex mode = Escalate
[13:02:48 INF] Haptic event AchievementEnabled enabled = True
[13:02:48 INF] Haptic event AchievementModeIndex mode = Heartbeat
[13:02:48 INF] Haptic event BouncingTextEnabled enabled = True
[13:02:48 INF] Haptic event BouncingTextModeIndex mode = Pulse
[13:02:48 INF] Awareness screen OCR toggled: True
[13:02:48 INF] Awareness master switch toggled: True
[13:02:48 DBG] ModResourceResolver: loaded override C:\Users\Micha\AppData\Local\ConditioningControlPanel\builtin_mods\drone-mode\resources\features\flash.png
[13:02:49 DBG] ModResourceResolver: loaded override C:\Users\Micha\AppData\Local\ConditioningControlPanel\builtin_mods\drone-mode\resources\features\mandatory_videos.png
[13:02:49 DBG] ModResourceResolver: loaded override C:\Users\Micha\AppData\Local\ConditioningControlPanel\builtin_mods\drone-mode\resources\features\subliminal.png
[13:02:49 DBG] ModResourceResolver: loaded override C:\Users\Micha\AppData\Local\ConditioningControlPanel\builtin_mods\drone-mode\resources\features\spiral_overlay.png
[13:02:49 DBG] ModResourceResolver: loaded override C:\Users\Micha\AppData\Local\ConditioningControlPanel\builtin_mods\drone-mode\resources\features\Phrase_Lock.png
[13:02:49 DBG] ModResourceResolver: loaded override C:\Users\Micha\AppData\Local\ConditioningControlPanel\builtin_mods\drone-mode\resources\features\Pink_filter.png
[13:02:49 DBG] ModResourceResolver: loaded override C:\Users\Micha\AppData\Local\ConditioningControlPanel\builtin_mods\drone-mode\resources\features\Mind_Wipers.png
[13:02:49 DBG] ModResourceResolver: loaded override C:\Users\Micha\AppData\Local\ConditioningControlPanel\builtin_mods\drone-mode\resources\features\Bubble_pop.png
[13:02:49 DBG] ModResourceResolver: loaded override C:\Users\Micha\AppData\Local\ConditioningControlPanel\builtin_mods\drone-mode\resources\features\bouncing_text.png
[13:02:49 DBG] ModResourceResolver: loaded override C:\Users\Micha\AppData\Local\ConditioningControlPanel\builtin_mods\drone-mode\resources\features\Bubble_count.png
[13:02:49 DBG] ModResourceResolver: loaded override C:\Users\Micha\AppData\Local\ConditioningControlPanel\builtin_mods\drone-mode\resources\logo.png
[13:02:49 DBG] ModResourceResolver: loaded override C:\Users\Micha\AppData\Local\ConditioningControlPanel\builtin_mods\drone-mode\resources\logo.png
[13:02:49 DBG] ModResourceResolver: loaded override C:\Users\Micha\AppData\Local\ConditioningControlPanel\builtin_mods\drone-mode\resources\features\flash.png
[13:02:49 DBG] ModResourceResolver: loaded override C:\Users\Micha\AppData\Local\ConditioningControlPanel\builtin_mods\drone-mode\resources\features\mandatory_videos.png
[13:02:49 DBG] ModResourceResolver: loaded override C:\Users\Micha\AppData\Local\ConditioningControlPanel\builtin_mods\drone-mode\resources\features\subliminal.png
[13:02:49 DBG] ModResourceResolver: loaded override C:\Users\Micha\AppData\Local\ConditioningControlPanel\builtin_mods\drone-mode\resources\features\spiral_overlay.png
[13:02:49 DBG] ModResourceResolver: loaded override C:\Users\Micha\AppData\Local\ConditioningControlPanel\builtin_mods\drone-mode\resources\features\Phrase_Lock.png
[13:02:49 DBG] ModResourceResolver: loaded override C:\Users\Micha\AppData\Local\ConditioningControlPanel\builtin_mods\drone-mode\resources\features\Pink_filter.png
[13:02:49 DBG] ModResourceResolver: loaded override C:\Users\Micha\AppData\Local\ConditioningControlPanel\builtin_mods\drone-mode\resources\features\Mind_Wipers.png
[13:02:49 DBG] ModResourceResolver: loaded override C:\Users\Micha\AppData\Local\ConditioningControlPanel\builtin_mods\drone-mode\resources\features\Bubble_pop.png
[13:02:49 DBG] ModResourceResolver: loaded override C:\Users\Micha\AppData\Local\ConditioningControlPanel\builtin_mods\drone-mode\resources\features\bouncing_text.png
[13:02:49 DBG] ModResourceResolver: loaded override C:\Users\Micha\AppData\Local\ConditioningControlPanel\builtin_mods\drone-mode\resources\features\Bubble_count.png
[SMOKE] Starting desktop smoke test...
[13:02:49 DBG] Settings.Save: ActivePackIds BEFORE serialize: []
[13:02:49 DBG] Settings saved to C:\Users\Micha\AppData\Local\ConditioningControlPanel\settings.json (Triggers: 18, ActivePacks: 0)
[SMOKE] MainWindow ready. Initial tab: settings. Visiting 44 tabs...
[SMOKE] Tab -> settings
[SMOKE] Dashboard feature cards found: 12
[SMOKE] Dashboard feature cards with visuals (image or glyph): 12/12
[SMOKE] Sample asset resolved: flash.png (493250 bytes)
[SMOKE] Screenshot saved: E:\Code\Conditioning-Control-Panel\ConditioningControlPanel\CCP.Avalonia.Desktop.Windows\bin\Debug\net8.0-windows10.0.19041.0\smoke-dashboard.png
[SMOKE] Helper button -> webcam
[SMOKE] Helper button -> appinfo
[SMOKE] Helper button -> scheduler
[13:02:53 INF] Checking for updates... (current: 6.1.6, force: False, installed: 6.1.6)
[13:02:53 DBG] Checking GitHub releases API: https://api.github.com/repos/CodeBambi/Conditioning-Control-Panel---CSharp-WPF/releases/latest
[13:02:54 INF] GitHub API reports latest version: 6.1.7
[13:02:54 INF] GitHub version comparison: latest=6.1.7, current=6.1.6, isNewer=True
[13:02:54 DBG] Parsed installer size from GitHub: 1311147720 bytes
[13:02:54 INF] Update available: 6.1.7
[SMOKE] Feature cards found for popup exercise: 12
[SMOKE] Feature card popup -> Flash Images
[SMOKE] Feature card popup -> Visuals
[SMOKE] Feature card popup -> Mandatory Video
[SMOKE] Feature card popup -> Subliminals
[SMOKE] Feature card popup -> Spiral Overlay
[SMOKE] Feature card popup -> Lock Card
[SMOKE] Feature card popup -> Pink Filter
[SMOKE] Feature card popup -> Mind Wipe
[SMOKE] Feature card popup -> Bubble Pop
[SMOKE] Feature card popup -> Bouncing Text
[SMOKE] Feature card popup -> System
[SMOKE] Feature card popup -> Bubble Count
[SMOKE] Starting a session via StartSessionCommand...
[13:03:02 INF] Session started: Total Surrender (Quick Start)
[13:03:02 INF] Starting session effects for Total Surrender (Quick Start)
[13:03:02 INF] AvaloniaOverlayService started
[13:03:02 INF] AvaloniaFlashService: images path refreshed to Z:\CCP Vids\images
[13:03:02 INF] AvaloniaFlashService started, images path: Z:\CCP Vids\images
[13:03:02 INF] AvaloniaVideoService started (videos: 670)
[13:03:02 INF] AvaloniaSubliminalService started
[13:03:02 DBG] ModResourceResolver: loaded override C:\Users\Micha\AppData\Local\ConditioningControlPanel\builtin_mods\drone-mode\resources\bubble.png
[13:03:02 INF] AvaloniaLockCardService started - approximately 4/hour
[13:03:02 INF] AvaloniaPopQuizService started — approximately 10/hour
[13:03:03 DBG] Settings.Save: ActivePackIds BEFORE serialize: []
[13:03:03 DBG] Settings saved to C:\Users\Micha\AppData\Local\ConditioningControlPanel\settings.json (Triggers: 18, ActivePacks: 0)
[SMOKE] Stopping session...
[13:03:04 INF] Session stopped early
[13:03:04 INF] Stopping all session effects
[13:03:04 INF] AvaloniaFlashService stopped
[13:03:04 DBG] InteractionQueue: Complete(Video) called but queue already clear
[13:03:04 INF] AvaloniaVideoService stopped
[13:03:04 INF] AvaloniaSubliminalService stopped
[13:03:04 DBG] InteractionQueue: Complete(LockCard) called but queue already clear
[13:03:04 INF] AvaloniaLockCardService stopped
[13:03:04 INF] AvaloniaPopQuizService stopped
[13:03:04 INF] AvaloniaOverlayService stopped
[13:03:05 DBG] Settings.Save: ActivePackIds BEFORE serialize: []
[13:03:05 DBG] Settings saved to C:\Users\Micha\AppData\Local\ConditioningControlPanel\settings.json (Triggers: 18, ActivePacks: 0)
[SMOKE] Avatar speech bubble visible after click.
[13:03:07 INF] AvaloniaOverlayService started
[SMOKE] Verified 6 overlay window(s) are click-through.
[13:03:08 INF] AvaloniaOverlayService stopped
[SMOKE] ChaosHub -> opening main menu...
[SMOKE] ChaosHub menu exercised successfully.
[SMOKE] ChaosRun -> opening hub and starting a short run...
[13:03:17 INF] AvaloniaChaosService run started (Easy, 60s, 2 waves)
[13:03:21 DBG] ModResourceResolver: loaded override C:\Users\Micha\AppData\Local\ConditioningControlPanel\builtin_mods\drone-mode\resources\bubble.png
[13:03:21 INF] Low-level mouse hook installed
[13:03:21 INF] ChaosBackdropService window up (non-topmost, click-absorbing, Skia FX)
[13:04:12 INF] AvaloniaChaosService run ended
[13:04:13 DBG] Settings.Save: ActivePackIds BEFORE serialize: []
[13:04:13 DBG] Settings saved to C:\Users\Micha\AppData\Local\ConditioningControlPanel\settings.json (Triggers: 18, ActivePacks: 0)
[13:04:13 DBG] AvaloniaSettingsBackupProvider: backed up settings to C:\Users\Micha\AppData\Local\ConditioningControlPanel\settings-backups\settings-20260623-110413-0faee0e0.json
[Warning] [Control] PlatformImpl is null, couldn't handle input.
[SMOKE] ChaosRun completed: score=0, runs=1->2, sparks=155->280, xp=0->0
[SMOKE] Tab -> presets
[SMOKE] Tab -> presetio
[SMOKE] Tab -> quests
[SMOKE] Tab -> levelfeatures
[13:04:21 DBG] ModResourceResolver: loaded override C:\Users\Micha\AppData\Local\ConditioningControlPanel\builtin_mods\drone-mode\resources\features\Bubble_count.png
[13:04:21 DBG] ModResourceResolver: loaded override C:\Users\Micha\AppData\Local\ConditioningControlPanel\builtin_mods\drone-mode\resources\features\bouncing_text.png
[13:04:21 DBG] ModResourceResolver: loaded override C:\Users\Micha\AppData\Local\ConditioningControlPanel\builtin_mods\drone-mode\resources\features\brain_drain.png
[13:04:21 DBG] ModResourceResolver: loaded override C:\Users\Micha\AppData\Local\ConditioningControlPanel\builtin_mods\drone-mode\resources\features\Mind_Wipers.png
[13:04:21 DBG] ModResourceResolver: loaded override C:\Users\Micha\AppData\Local\ConditioningControlPanel\builtin_mods\drone-mode\resources\features\Bubble_count.png
[13:04:21 DBG] ModResourceResolver: loaded override C:\Users\Micha\AppData\Local\ConditioningControlPanel\builtin_mods\drone-mode\resources\features\bouncing_text.png
[13:04:21 DBG] ModResourceResolver: loaded override C:\Users\Micha\AppData\Local\ConditioningControlPanel\builtin_mods\drone-mode\resources\features\Mind_Wipers.png
[13:04:21 DBG] ModResourceResolver: loaded override C:\Users\Micha\AppData\Local\ConditioningControlPanel\builtin_mods\drone-mode\resources\features\brain_drain.png
[13:04:22 DBG] Settings.Save: ActivePackIds BEFORE serialize: []
[13:04:22 DBG] Settings saved to C:\Users\Micha\AppData\Local\ConditioningControlPanel\settings.json (Triggers: 18, ActivePacks: 0)
[SMOKE] Tab -> patreon
[SMOKE] Tab -> enhancements
[13:04:22 DBG] ModResourceResolver: loaded override C:\Users\Micha\AppData\Local\ConditioningControlPanel\builtin_mods\drone-mode\resources\skills\pink_hours.png
[13:04:22 DBG] ModResourceResolver: loaded override C:\Users\Micha\AppData\Local\ConditioningControlPanel\builtin_mods\drone-mode\resources\skills\ditzy_data.png
[13:04:22 DBG] ModResourceResolver: loaded override C:\Users\Micha\AppData\Local\ConditioningControlPanel\builtin_mods\drone-mode\resources\skills\sparkle_boost_1.png
[13:04:22 DBG] ModResourceResolver: loaded override C:\Users\Micha\AppData\Local\ConditioningControlPanel\builtin_mods\drone-mode\resources\skills\good_girl_streak.png
[13:04:22 DBG] ModResourceResolver: loaded override C:\Users\Micha\AppData\Local\ConditioningControlPanel\builtin_mods\drone-mode\resources\skills\hive_mind.png
[13:04:22 DBG] ModResourceResolver: loaded override C:\Users\Micha\AppData\Local\ConditioningControlPanel\builtin_mods\drone-mode\resources\skills\trophy_case.png
[13:04:22 DBG] ModResourceResolver: loaded override C:\Users\Micha\AppData\Local\ConditioningControlPanel\builtin_mods\drone-mode\resources\skills\sparkle_boost_2.png
[13:04:22 DBG] ModResourceResolver: loaded override C:\Users\Micha\AppData\Local\ConditioningControlPanel\builtin_mods\drone-mode\resources\skills\lucky_bimbo.png
[13:04:22 DBG] ModResourceResolver: loaded override C:\Users\Micha\AppData\Local\ConditioningControlPanel\builtin_mods\drone-mode\resources\skills\milestone_rewards.png
[13:04:22 DBG] ModResourceResolver: loaded override C:\Users\Micha\AppData\Local\ConditioningControlPanel\builtin_mods\drone-mode\resources\skills\oopsie_insurance.png
[13:04:22 DBG] ModResourceResolver: loaded override C:\Users\Micha\AppData\Local\ConditioningControlPanel\builtin_mods\drone-mode\resources\skills\popular_girl.png
[13:04:22 DBG] ModResourceResolver: loaded override C:\Users\Micha\AppData\Local\ConditioningControlPanel\builtin_mods\drone-mode\resources\skills\quest_refresh.png
[13:04:22 DBG] ModResourceResolver: loaded override C:\Users\Micha\AppData\Local\ConditioningControlPanel\builtin_mods\drone-mode\resources\skills\better_quests.png
[13:04:22 DBG] ModResourceResolver: loaded override C:\Users\Micha\AppData\Local\ConditioningControlPanel\builtin_mods\drone-mode\resources\skills\sparkle_boost_3.png
[13:04:22 DBG] ModResourceResolver: loaded override C:\Users\Micha\AppData\Local\ConditioningControlPanel\builtin_mods\drone-mode\resources\skills\lucky_bubbles.png
[13:04:22 DBG] ModResourceResolver: loaded override C:\Users\Micha\AppData\Local\ConditioningControlPanel\builtin_mods\drone-mode\resources\skills\pink_rush.png
[13:04:22 DBG] ModResourceResolver: loaded override C:\Users\Micha\AppData\Local\ConditioningControlPanel\builtin_mods\drone-mode\resources\skills\streak_power.png
[13:04:22 DBG] ModResourceResolver: loaded override C:\Users\Micha\AppData\Local\ConditioningControlPanel\builtin_mods\drone-mode\resources\skills\reroll_addict.png
[13:04:22 DBG] ModResourceResolver: loaded override C:\Users\Micha\AppData\Local\ConditioningControlPanel\builtin_mods\drone-mode\resources\skills\perfect_bimbo_week.png
[13:04:22 DBG] ModResourceResolver: loaded override C:\Users\Micha\AppData\Local\ConditioningControlPanel\builtin_mods\drone-mode\resources\skills\night_shift.png
[13:04:22 DBG] ModResourceResolver: loaded override C:\Users\Micha\AppData\Local\ConditioningControlPanel\builtin_mods\drone-mode\resources\skills\early_bird_bimbo.png
[13:04:22 DBG] ModResourceResolver: loaded override C:\Users\Micha\AppData\Local\ConditioningControlPanel\builtin_mods\drone-mode\resources\skills\eternal_doll.png
[SMOKE] Tab -> deeper
[SMOKE] Tab -> deeperhub
[SMOKE] Tab -> deepersubmissions
[SMOKE] Tab -> availablesubjects
[13:04:24 INF] [AvailableSubjects] polling started
[SMOKE] Tab -> assets
[SMOKE] Tab -> cataloguesubmissions
[SMOKE] Tab -> achievements
[13:04:26 DBG] ModResourceResolver: loaded override C:\Users\Micha\AppData\Local\ConditioningControlPanel\builtin_mods\drone-mode\resources\achievements\lv_10.png
[13:04:26 DBG] ModResourceResolver: loaded override C:\Users\Micha\AppData\Local\ConditioningControlPanel\builtin_mods\drone-mode\resources\achievements\Dumb_Bimbo.png
[13:04:26 DBG] ModResourceResolver: loaded override C:\Users\Micha\AppData\Local\ConditioningControlPanel\builtin_mods\drone-mode\resources\achievements\lv_50.png
[13:04:26 DBG] ModResourceResolver: loaded override C:\Users\Micha\AppData\Local\ConditioningControlPanel\builtin_mods\drone-mode\resources\achievements\docile_cow.png
[13:04:26 DBG] ModResourceResolver: loaded override C:\Users\Micha\AppData\Local\ConditioningControlPanel\builtin_mods\drone-mode\resources\achievements\perfect_plastic_puppet.png
[13:04:26 DBG] ModResourceResolver: loaded override C:\Users\Micha\AppData\Local\ConditioningControlPanel\builtin_mods\drone-mode\resources\achievements\BrainwashedSlavedoll.png
[13:04:26 DBG] ModResourceResolver: loaded override C:\Users\Micha\AppData\Local\ConditioningControlPanel\builtin_mods\drone-mode\resources\achievements\PlatinumPuppet.png
[13:04:26 DBG] ModResourceResolver: loaded override C:\Users\Micha\AppData\Local\ConditioningControlPanel\builtin_mods\drone-mode\resources\achievements\10_hours_pink.png
[13:04:26 DBG] ModResourceResolver: loaded override C:\Users\Micha\AppData\Local\ConditioningControlPanel\builtin_mods\drone-mode\resources\achievements\deep_sleep.png
[13:04:26 DBG] ModResourceResolver: loaded override C:\Users\Micha\AppData\Local\ConditioningControlPanel\builtin_mods\drone-mode\resources\achievements\daily_maintenance.png
[13:04:26 DBG] ModResourceResolver: loaded override C:\Users\Micha\AppData\Local\ConditioningControlPanel\builtin_mods\drone-mode\resources\achievements\retinal_burn.png
[13:04:26 DBG] ModResourceResolver: loaded override C:\Users\Micha\AppData\Local\ConditioningControlPanel\builtin_mods\drone-mode\resources\achievements\morning_glory.png
[13:04:26 DBG] ModResourceResolver: loaded override C:\Users\Micha\AppData\Local\ConditioningControlPanel\builtin_mods\drone-mode\resources\achievements\player_2_disconnected.png
[13:04:26 DBG] ModResourceResolver: loaded override C:\Users\Micha\AppData\Local\ConditioningControlPanel\builtin_mods\drone-mode\resources\achievements\Sofa_decor.png
[13:04:26 DBG] ModResourceResolver: loaded override C:\Users\Micha\AppData\Local\ConditioningControlPanel\builtin_mods\drone-mode\resources\achievements\look_but_dont_touch.png
[13:04:26 DBG] ModResourceResolver: loaded override C:\Users\Micha\AppData\Local\ConditioningControlPanel\builtin_mods\drone-mode\resources\achievements\spiral_eyes.png
[13:04:26 DBG] ModResourceResolver: loaded override C:\Users\Micha\AppData\Local\ConditioningControlPanel\builtin_mods\drone-mode\resources\achievements\Mathematician's_nightmare.png
[13:04:26 DBG] ModResourceResolver: loaded override C:\Users\Micha\AppData\Local\ConditioningControlPanel\builtin_mods\drone-mode\resources\achievements\pop_the_Thought.png
[13:04:26 DBG] ModResourceResolver: loaded override C:\Users\Micha\AppData\Local\ConditioningControlPanel\builtin_mods\drone-mode\resources\achievements\typing_tutor.png
[13:04:26 DBG] ModResourceResolver: loaded override C:\Users\Micha\AppData\Local\ConditioningControlPanel\builtin_mods\drone-mode\resources\achievements\obedience_reflex.png
[13:04:26 DBG] ModResourceResolver: loaded override C:\Users\Micha\AppData\Local\ConditioningControlPanel\builtin_mods\drone-mode\resources\achievements\mercy_beggar.png
[13:04:26 DBG] ModResourceResolver: loaded override C:\Users\Micha\AppData\Local\ConditioningControlPanel\builtin_mods\drone-mode\resources\achievements\clean_slate.png
[13:04:26 DBG] ModResourceResolver: loaded override C:\Users\Micha\AppData\Local\ConditioningControlPanel\builtin_mods\drone-mode\resources\achievements\corner_hit.png
[13:04:26 DBG] ModResourceResolver: loaded override C:\Users\Micha\AppData\Local\ConditioningControlPanel\builtin_mods\drone-mode\resources\achievements\Neon_obsession.png
[13:04:26 DBG] ModResourceResolver: loaded override C:\Users\Micha\AppData\Local\ConditioningControlPanel\builtin_mods\drone-mode\resources\achievements\What_panic_button.png
[13:04:26 DBG] ModResourceResolver: loaded override C:\Users\Micha\AppData\Local\ConditioningControlPanel\builtin_mods\drone-mode\resources\achievements\relapse.png
[13:04:26 DBG] ModResourceResolver: loaded override C:\Users\Micha\AppData\Local\ConditioningControlPanel\builtin_mods\drone-mode\resources\achievements\total_lockdown.png
[13:04:26 DBG] ModResourceResolver: loaded override C:\Users\Micha\AppData\Local\ConditioningControlPanel\builtin_mods\drone-mode\resources\achievements\system_overload.png
[13:04:26 DBG] ModResourceResolver: loaded override C:\Users\Micha\AppData\Local\ConditioningControlPanel\builtin_mods\drone-mode\resources\achievements\not_a_video_editor.png
[13:04:26 DBG] ModResourceResolver: loaded override C:\Users\Micha\AppData\Local\ConditioningControlPanel\builtin_mods\drone-mode\resources\achievements\mad_scientist.png
[13:04:26 DBG] ModResourceResolver: loaded override C:\Users\Micha\AppData\Local\ConditioningControlPanel\builtin_mods\drone-mode\resources\achievements\modder.png
[13:04:26 DBG] ModResourceResolver: loaded override C:\Users\Micha\AppData\Local\ConditioningControlPanel\builtin_mods\drone-mode\resources\achievements\curator.png
[13:04:26 DBG] ModResourceResolver: loaded override C:\Users\Micha\AppData\Local\ConditioningControlPanel\builtin_mods\drone-mode\resources\achievements\community_supported.png
[13:04:26 DBG] ModResourceResolver: loaded override C:\Users\Micha\AppData\Local\ConditioningControlPanel\builtin_mods\drone-mode\resources\achievements\magic_word.png
[13:04:26 DBG] ModResourceResolver: loaded override C:\Users\Micha\AppData\Local\ConditioningControlPanel\builtin_mods\drone-mode\resources\achievements\pavlov.png
[13:04:26 DBG] ModResourceResolver: loaded override C:\Users\Micha\AppData\Local\ConditioningControlPanel\builtin_mods\drone-mode\resources\achievements\pleased_to_meet_you.png
[13:04:26 DBG] ModResourceResolver: loaded override C:\Users\Micha\AppData\Local\ConditioningControlPanel\builtin_mods\drone-mode\resources\achievements\pillow_talk.png
[13:04:26 DBG] ModResourceResolver: loaded override C:\Users\Micha\AppData\Local\ConditioningControlPanel\builtin_mods\drone-mode\resources\achievements\best_friends.png
[13:04:26 DBG] ModResourceResolver: loaded override C:\Users\Micha\AppData\Local\ConditioningControlPanel\builtin_mods\drone-mode\resources\achievements\going_deeper.png
[13:04:26 DBG] ModResourceResolver: loaded override C:\Users\Micha\AppData\Local\ConditioningControlPanel\builtin_mods\drone-mode\resources\achievements\down_the_rabbit_hole.png
[13:04:26 DBG] ModResourceResolver: loaded override C:\Users\Micha\AppData\Local\ConditioningControlPanel\builtin_mods\drone-mode\resources\achievements\permanent_resident.png
[13:04:26 DBG] ModResourceResolver: loaded override C:\Users\Micha\AppData\Local\ConditioningControlPanel\builtin_mods\drone-mode\resources\achievements\wired_in.png
[13:04:26 DBG] ModResourceResolver: loaded override C:\Users\Micha\AppData\Local\ConditioningControlPanel\builtin_mods\drone-mode\resources\achievements\dont_look_away.png
[13:04:26 DBG] ModResourceResolver: loaded override C:\Users\Micha\AppData\Local\ConditioningControlPanel\builtin_mods\drone-mode\resources\achievements\on_rails.png
[13:04:26 DBG] ModResourceResolver: loaded override C:\Users\Micha\AppData\Local\ConditioningControlPanel\builtin_mods\drone-mode\resources\achievements\on_the_shelf.png
[13:04:26 DBG] ModResourceResolver: loaded override C:\Users\Micha\AppData\Local\ConditioningControlPanel\builtin_mods\drone-mode\resources\achievements\blink_and_youll_miss_it.png
[13:04:26 DBG] ModResourceResolver: loaded override C:\Users\Micha\AppData\Local\ConditioningControlPanel\builtin_mods\drone-mode\resources\achievements\locked_in.png
[13:04:26 DBG] ModResourceResolver: loaded override C:\Users\Micha\AppData\Local\ConditioningControlPanel\builtin_mods\drone-mode\resources\achievements\throw_away_the_key.png
[13:04:26 DBG] ModResourceResolver: loaded override C:\Users\Micha\AppData\Local\ConditioningControlPanel\builtin_mods\drone-mode\resources\achievements\hand_over_control.png
[13:04:26 DBG] ModResourceResolver: loaded override C:\Users\Micha\AppData\Local\ConditioningControlPanel\builtin_mods\drone-mode\resources\achievements\puppet_strings.png
[13:04:26 DBG] ModResourceResolver: loaded override C:\Users\Micha\AppData\Local\ConditioningControlPanel\builtin_mods\drone-mode\resources\achievements\top_of_the_class.png
[13:04:26 DBG] ModResourceResolver: loaded override C:\Users\Micha\AppData\Local\ConditioningControlPanel\builtin_mods\drone-mode\resources\achievements\teachers_pet.png
[13:04:26 DBG] ModResourceResolver: loaded override C:\Users\Micha\AppData\Local\ConditioningControlPanel\builtin_mods\drone-mode\resources\achievements\honor_roll.png
[13:04:26 DBG] ModResourceResolver: loaded override C:\Users\Micha\AppData\Local\ConditioningControlPanel\builtin_mods\drone-mode\resources\achievements\held_back.png
[13:04:26 DBG] ModResourceResolver: loaded override C:\Users\Micha\AppData\Local\ConditioningControlPanel\builtin_mods\drone-mode\resources\achievements\hands_free.png
[13:04:26 DBG] ModResourceResolver: loaded override C:\Users\Micha\AppData\Local\ConditioningControlPanel\builtin_mods\drone-mode\resources\achievements\she_remembers.png
[SMOKE] Tab -> leaderboard
[SMOKE] Tab -> marquee
[SMOKE] Tab -> animations
[SMOKE] Tab -> companionhub
[SMOKE] Tab -> companion
[SMOKE] Tab -> discord
[SMOKE] Tab -> lab
[SMOKE] Tab -> blinktrainer
[SMOKE] Tab -> remotecontrol
[13:04:31 INF] Remote Control tab activated.
[SMOKE] Tab -> bambitakeover
[SMOKE] Tab -> haptics
[SMOKE] Tab -> awareness
[SMOKE] Tab -> lockdown
[SMOKE] Tab -> attentioncheck
[SMOKE] Tab -> bouncingtext
[SMOKE] Tab -> bubblecount
[SMOKE] Tab -> bubblepop
[SMOKE] Tab -> flash
[SMOKE] Tab -> pinkfilter
[SMOKE] Tab -> intensityramp
[SMOKE] Tab -> lockcard
[SMOKE] Tab -> mindwipe
[SMOKE] Tab -> scheduler
[SMOKE] Tab -> visuals
[SMOKE] Tab -> subliminal
[SMOKE] Tab -> system
[SMOKE] Tab -> spiral
[SMOKE] Tab -> schedulerramp
[SMOKE] Tab -> video
[SMOKE] Tab -> webcam
[SMOKE] Dialog -> InputDialog
[SMOKE] Dialog -> WarningDialog
[SMOKE] Parameterless dialogs discovered: 33
[SMOKE] Dialog -> AssetSubmitDialog
[SMOKE] Dialog -> AttentionCheckSettingsDialog
[SMOKE] Dialog -> AttentionTargetEditorDialog
[SMOKE] Dialog -> AwarenessPresetDetailDialog
[SMOKE] Dialog -> CataloguePickerDialog
[SMOKE] Dialog -> CatalogueSubmitDialog
[SMOKE] Dialog -> ChatShortcutCaptureDialog
[SMOKE] Dialog -> ColorEditorDialog
[SMOKE] Dialog -> ColorPickerDialog
[SMOKE] Dialog -> CompanionPhraseEditorDialog
[SMOKE] Dialog -> CompanionPromptEditorDialog
