E:\Code\Conditioning-Control-Panel\ConditioningControlPanel\CCP.Avalonia.Desktop.Windows\Services\Webcam\WebcamDeviceEnumerator.cs(91,47): warning CS8625: Cannot convert null literal to non-nullable reference type. [E:\Code\Conditioning-Control-Panel\ConditioningControlPanel\CCP.Avalonia.Desktop.Windows\CCP.Avalonia.Desktop.Windows.csproj]
E:\Code\Conditioning-Control-Panel\ConditioningControlPanel\tests\CCP.Avalonia.Desktop.Windows.Smoke\SmokeTestRunner.cs(452,41): warning CS0067: The event 'SmokeTestRunner.RecordingBrowserHost.Navigated' is never used [E:\Code\Conditioning-Control-Panel\ConditioningControlPanel\CCP.Avalonia.Desktop.Windows\CCP.Avalonia.Desktop.Windows.csproj]
E:\Code\Conditioning-Control-Panel\ConditioningControlPanel\tests\CCP.Avalonia.Desktop.Windows.Smoke\SmokeTestRunner.cs(453,42): warning CS0067: The event 'SmokeTestRunner.RecordingBrowserHost.FullscreenChanged' is never used [E:\Code\Conditioning-Control-Panel\ConditioningControlPanel\CCP.Avalonia.Desktop.Windows\CCP.Avalonia.Desktop.Windows.csproj]
E:\Code\Conditioning-Control-Panel\ConditioningControlPanel\tests\CCP.Avalonia.Desktop.Windows.Smoke\SmokeTestRunner.cs(451,44): warning CS0067: The event 'SmokeTestRunner.RecordingBrowserHost.TitleChanged' is never used [E:\Code\Conditioning-Control-Panel\ConditioningControlPanel\CCP.Avalonia.Desktop.Windows\CCP.Avalonia.Desktop.Windows.csproj]
[12:39:34 INF] Settings loaded from C:\Users\Micha\AppData\Local\ConditioningControlPanel\settings.json (Triggers: 18)
[12:39:34 INF] Loaded 4575 strings for language 'en'
[12:39:34 INF] AchievementService initialized. 1 achievements unlocked.
[12:39:35 DBG] Low-level keyboard hook installed
[12:39:35 DBG] Low-level mouse hook installed
[12:39:35 INF] Extracted bundled built-in mod drone-mode from E:\Code\Conditioning-Control-Panel\ConditioningControlPanel\CCP.Avalonia.Desktop.Windows\bin\Debug\net8.0-windows10.0.19041.0\DroneMod\drone-mode.ccpmod
[12:39:35 INF] Registered bundled built-in mod drone-mode from C:\Users\Micha\AppData\Local\ConditioningControlPanel\builtin_mods\drone-mode
[12:39:35 INF] Registered resource mod builtin-locked with assets at C:\Users\Micha\AppData\Local\ConditioningControlPanel\builtin_mods\builtin-locked
[12:39:35 INF] AvaloniaModService initialized — active mod: drone-mode (Dronification)
[12:39:35 DBG] Settings.Save: ActivePackIds BEFORE serialize: []
[12:39:35 DBG] Settings saved to C:\Users\Micha\AppData\Local\ConditioningControlPanel\settings.json (Triggers: 18, ActivePacks: 0)
[12:39:35 DBG] AvaloniaSettingsBackupProvider: skipped backup (identical content hash 3f35e84b)
[12:39:35 INF] AvaloniaFlashService: images path refreshed to Z:\CCP Vids\images
[12:39:35 INF] AvaloniaWebcamTrackingService: constructed
[12:39:35 INF] AvaloniaCommunityPromptService initialized. Prompts folder: C:\Users\Micha\AppData\Local\ConditioningControlPanel\community-prompts
[12:39:35 INF] AvaloniaCompanionService initialized. Active companion: Synthetic Blowdoll
[12:39:36 DBG] Loaded custom session: Gamer Girl, BonusXP=2050, Source=Custom
[12:39:36 INF] AvaloniaRoadmapService initialized. Track1: True, Track2: False, Track3: False
[12:39:36 INF] QuestService initialized. Daily: bimbo_basics_d, Weekly: total_submission_w
[12:39:36 DBG] Loaded quest definitions cache: v1
[12:39:36 INF] Scanning Deeper library folder: Z:\CCP Vids
[12:39:36 INF] Reloading Deeper library
[12:39:36 DBG] ContentPackService.GetActivePackIds: Returning 0 active packs: []
[12:39:36 INF] LeaderboardService initialized with 30-minute auto-refresh
[12:39:36 DBG] ModResourceResolver: loaded override C:\Users\Micha\AppData\Local\ConditioningControlPanel\builtin_mods\drone-mode\resources\avatar_pose1.png
[12:39:36 DBG] ModResourceResolver: loaded override C:\Users\Micha\AppData\Local\ConditioningControlPanel\builtin_mods\drone-mode\resources\avatar_pose2.png
[12:39:36 DBG] ModResourceResolver: loaded override C:\Users\Micha\AppData\Local\ConditioningControlPanel\builtin_mods\drone-mode\resources\avatar_pose3.png
[12:39:36 DBG] ModResourceResolver: loaded override C:\Users\Micha\AppData\Local\ConditioningControlPanel\builtin_mods\drone-mode\resources\avatar_pose4.png
[12:39:36 DBG] TryUpdateCirceEmoteMode: wanted=False, folder=null, currentMode=False, engineActive=null
[12:39:36 DBG] ModResourceResolver: loaded override C:\Users\Micha\AppData\Local\ConditioningControlPanel\builtin_mods\drone-mode\resources\tube.png
[12:39:36 INF] Tube style changed to: tube.png
[12:39:36 INF] AvatarTubeWindow initialized with avatar set 1 for level 46
[12:39:36 INF] Avatar Tube Window initialized (visible=False, pos=156, 156, size=1424, 714)
[12:39:36 INF] Autonomy behavior CanTriggerFlash = True
[12:39:36 INF] Autonomy behavior CanTriggerVideo = True
[12:39:36 INF] Autonomy behavior CanTriggerWebVideo = True
[12:39:36 INF] Autonomy behavior CanTriggerSubliminal = True
[12:39:36 INF] Autonomy behavior CanTriggerBubbles = True
[12:39:36 INF] Autonomy behavior CanTriggerMindWipe = True
[12:39:36 INF] Autonomy behavior CanTriggerLockCard = True
[12:39:36 INF] Autonomy behavior CanTriggerSpiral = True
[12:39:36 INF] Autonomy behavior CanComment = True
[12:39:36 INF] Autonomy behavior CanTriggerPinkFilter = True
[12:39:36 INF] Autonomy behavior CanTriggerBouncingText = True
[12:39:36 INF] Autonomy behavior CanTriggerBubbleCount = True
[12:39:36 INF] Haptic event BubbleEnabled enabled = True
[12:39:36 INF] Haptic event FlashDisplayEnabled enabled = True
[12:39:36 INF] Haptic event FlashClickEnabled enabled = True
[12:39:36 INF] Haptic event VideoEnabled enabled = True
[12:39:36 INF] Haptic event TargetHitEnabled enabled = True
[12:39:36 INF] Haptic event TargetHitModeIndex mode = Pulse
[12:39:36 INF] Haptic event SubliminalEnabled enabled = True
[12:39:36 INF] Haptic event SubliminalModeIndex mode = Pulse
[12:39:36 INF] Haptic event LevelUpEnabled enabled = True
[12:39:36 INF] Haptic event LevelUpModeIndex mode = Escalate
[12:39:36 INF] Haptic event AchievementEnabled enabled = True
[12:39:36 INF] Haptic event AchievementModeIndex mode = Heartbeat
[12:39:36 INF] Haptic event BouncingTextEnabled enabled = True
[12:39:36 INF] Haptic event BouncingTextModeIndex mode = Pulse
[12:39:36 INF] Awareness screen OCR toggled: True
[12:39:36 INF] Awareness master switch toggled: True
[12:39:36 DBG] ModResourceResolver: loaded override C:\Users\Micha\AppData\Local\ConditioningControlPanel\builtin_mods\drone-mode\resources\features\flash.png
[12:39:36 DBG] ModResourceResolver: loaded override C:\Users\Micha\AppData\Local\ConditioningControlPanel\builtin_mods\drone-mode\resources\features\mandatory_videos.png
[12:39:36 DBG] ModResourceResolver: loaded override C:\Users\Micha\AppData\Local\ConditioningControlPanel\builtin_mods\drone-mode\resources\features\subliminal.png
[12:39:36 DBG] ModResourceResolver: loaded override C:\Users\Micha\AppData\Local\ConditioningControlPanel\builtin_mods\drone-mode\resources\features\spiral_overlay.png
[12:39:36 DBG] ModResourceResolver: loaded override C:\Users\Micha\AppData\Local\ConditioningControlPanel\builtin_mods\drone-mode\resources\features\Phrase_Lock.png
[12:39:36 DBG] ModResourceResolver: loaded override C:\Users\Micha\AppData\Local\ConditioningControlPanel\builtin_mods\drone-mode\resources\features\Pink_filter.png
[12:39:36 DBG] ModResourceResolver: loaded override C:\Users\Micha\AppData\Local\ConditioningControlPanel\builtin_mods\drone-mode\resources\features\Mind_Wipers.png
[12:39:36 DBG] ModResourceResolver: loaded override C:\Users\Micha\AppData\Local\ConditioningControlPanel\builtin_mods\drone-mode\resources\features\Bubble_pop.png
[12:39:36 DBG] ModResourceResolver: loaded override C:\Users\Micha\AppData\Local\ConditioningControlPanel\builtin_mods\drone-mode\resources\features\bouncing_text.png
[12:39:36 DBG] ModResourceResolver: loaded override C:\Users\Micha\AppData\Local\ConditioningControlPanel\builtin_mods\drone-mode\resources\features\Bubble_count.png
[12:39:36 DBG] ModResourceResolver: loaded override C:\Users\Micha\AppData\Local\ConditioningControlPanel\builtin_mods\drone-mode\resources\logo.png
[12:39:37 DBG] ModResourceResolver: loaded override C:\Users\Micha\AppData\Local\ConditioningControlPanel\builtin_mods\drone-mode\resources\logo.png
[12:39:37 DBG] Settings.Save: ActivePackIds BEFORE serialize: []
[12:39:37 DBG] ModResourceResolver: loaded override C:\Users\Micha\AppData\Local\ConditioningControlPanel\builtin_mods\drone-mode\resources\features\flash.png
[12:39:37 DBG] Settings saved to C:\Users\Micha\AppData\Local\ConditioningControlPanel\settings.json (Triggers: 18, ActivePacks: 0)
[12:39:37 DBG] ModResourceResolver: loaded override C:\Users\Micha\AppData\Local\ConditioningControlPanel\builtin_mods\drone-mode\resources\features\mandatory_videos.png
[12:39:37 DBG] ModResourceResolver: loaded override C:\Users\Micha\AppData\Local\ConditioningControlPanel\builtin_mods\drone-mode\resources\features\subliminal.png
[12:39:37 DBG] ModResourceResolver: loaded override C:\Users\Micha\AppData\Local\ConditioningControlPanel\builtin_mods\drone-mode\resources\features\spiral_overlay.png
[12:39:37 DBG] ModResourceResolver: loaded override C:\Users\Micha\AppData\Local\ConditioningControlPanel\builtin_mods\drone-mode\resources\features\Phrase_Lock.png
[12:39:37 DBG] ModResourceResolver: loaded override C:\Users\Micha\AppData\Local\ConditioningControlPanel\builtin_mods\drone-mode\resources\features\Pink_filter.png
[12:39:37 DBG] ModResourceResolver: loaded override C:\Users\Micha\AppData\Local\ConditioningControlPanel\builtin_mods\drone-mode\resources\features\Mind_Wipers.png
[12:39:37 DBG] ModResourceResolver: loaded override C:\Users\Micha\AppData\Local\ConditioningControlPanel\builtin_mods\drone-mode\resources\features\Bubble_pop.png
[12:39:37 DBG] ModResourceResolver: loaded override C:\Users\Micha\AppData\Local\ConditioningControlPanel\builtin_mods\drone-mode\resources\features\bouncing_text.png
[12:39:37 DBG] ModResourceResolver: loaded override C:\Users\Micha\AppData\Local\ConditioningControlPanel\builtin_mods\drone-mode\resources\features\Bubble_count.png
[SMOKE] Starting desktop smoke test...
[SMOKE] MainWindow ready. Initial tab: settings. Visiting 44 tabs...
[SMOKE] Tab -> settings
[SMOKE] Dashboard feature cards found: 12
[SMOKE] Dashboard feature cards with visuals (image or glyph): 12/12
[SMOKE] Sample asset resolved: flash.png (493250 bytes)
[SMOKE] Screenshot saved: E:\Code\Conditioning-Control-Panel\ConditioningControlPanel\CCP.Avalonia.Desktop.Windows\bin\Debug\net8.0-windows10.0.19041.0\smoke-dashboard.png
[SMOKE] Helper button -> webcam
[SMOKE] Helper button screenshot saved: E:\Code\Conditioning-Control-Panel\ConditioningControlPanel\CCP.Avalonia.Desktop.Windows\bin\Debug\net8.0-windows10.0.19041.0\smoke-helper-webcam.png
[SMOKE] Helper button -> appinfo
[SMOKE] Helper button screenshot saved: E:\Code\Conditioning-Control-Panel\ConditioningControlPanel\CCP.Avalonia.Desktop.Windows\bin\Debug\net8.0-windows10.0.19041.0\smoke-helper-appinfo.png
[12:39:41 INF] Checking for updates... (current: 6.1.6, force: False, installed: 6.1.6)
[12:39:41 DBG] Checking GitHub releases API: https://api.github.com/repos/CodeBambi/Conditioning-Control-Panel---CSharp-WPF/releases/latest
[12:39:41 INF] GitHub API reports latest version: 6.1.7
[12:39:41 INF] GitHub version comparison: latest=6.1.7, current=6.1.6, isNewer=True
[12:39:41 DBG] Parsed installer size from GitHub: 1311147720 bytes
[12:39:41 INF] Update available: 6.1.7
[SMOKE] Helper button -> scheduler
[SMOKE] Helper button screenshot saved: E:\Code\Conditioning-Control-Panel\ConditioningControlPanel\CCP.Avalonia.Desktop.Windows\bin\Debug\net8.0-windows10.0.19041.0\smoke-helper-scheduler.png
[SMOKE] Feature cards found for popup exercise: 12
[SMOKE] Feature card popup -> Flash Images
[SMOKE] Feature card screenshot saved: E:\Code\Conditioning-Control-Panel\ConditioningControlPanel\CCP.Avalonia.Desktop.Windows\bin\Debug\net8.0-windows10.0.19041.0\smoke-featurecard-flash images.png
[SMOKE] Feature card popup -> Visuals
[SMOKE] Feature card screenshot saved: E:\Code\Conditioning-Control-Panel\ConditioningControlPanel\CCP.Avalonia.Desktop.Windows\bin\Debug\net8.0-windows10.0.19041.0\smoke-featurecard-visuals.png
[SMOKE] Feature card popup -> Mandatory Video
[SMOKE] Feature card screenshot saved: E:\Code\Conditioning-Control-Panel\ConditioningControlPanel\CCP.Avalonia.Desktop.Windows\bin\Debug\net8.0-windows10.0.19041.0\smoke-featurecard-mandatory video.png
[SMOKE] Feature card popup -> Subliminals
[SMOKE] Feature card screenshot saved: E:\Code\Conditioning-Control-Panel\ConditioningControlPanel\CCP.Avalonia.Desktop.Windows\bin\Debug\net8.0-windows10.0.19041.0\smoke-featurecard-subliminals.png
[SMOKE] Feature card popup -> Spiral Overlay
[SMOKE] Feature card screenshot saved: E:\Code\Conditioning-Control-Panel\ConditioningControlPanel\CCP.Avalonia.Desktop.Windows\bin\Debug\net8.0-windows10.0.19041.0\smoke-featurecard-spiral overlay.png
[SMOKE] Feature card popup -> Lock Card
[SMOKE] Feature card screenshot saved: E:\Code\Conditioning-Control-Panel\ConditioningControlPanel\CCP.Avalonia.Desktop.Windows\bin\Debug\net8.0-windows10.0.19041.0\smoke-featurecard-lock card.png
[SMOKE] Feature card popup -> Pink Filter
[SMOKE] Feature card screenshot saved: E:\Code\Conditioning-Control-Panel\ConditioningControlPanel\CCP.Avalonia.Desktop.Windows\bin\Debug\net8.0-windows10.0.19041.0\smoke-featurecard-pink filter.png
[SMOKE] Feature card popup -> Mind Wipe
[SMOKE] Feature card screenshot saved: E:\Code\Conditioning-Control-Panel\ConditioningControlPanel\CCP.Avalonia.Desktop.Windows\bin\Debug\net8.0-windows10.0.19041.0\smoke-featurecard-mind wipe.png
[SMOKE] Feature card popup -> Bubble Pop
[SMOKE] Feature card screenshot saved: E:\Code\Conditioning-Control-Panel\ConditioningControlPanel\CCP.Avalonia.Desktop.Windows\bin\Debug\net8.0-windows10.0.19041.0\smoke-featurecard-bubble pop.png
[SMOKE] Feature card popup -> Bouncing Text
[SMOKE] Feature card screenshot saved: E:\Code\Conditioning-Control-Panel\ConditioningControlPanel\CCP.Avalonia.Desktop.Windows\bin\Debug\net8.0-windows10.0.19041.0\smoke-featurecard-bouncing text.png
[SMOKE] Feature card popup -> System
[SMOKE] Feature card screenshot saved: E:\Code\Conditioning-Control-Panel\ConditioningControlPanel\CCP.Avalonia.Desktop.Windows\bin\Debug\net8.0-windows10.0.19041.0\smoke-featurecard-system.png
[SMOKE] Feature card popup -> Bubble Count
[SMOKE] Feature card screenshot saved: E:\Code\Conditioning-Control-Panel\ConditioningControlPanel\CCP.Avalonia.Desktop.Windows\bin\Debug\net8.0-windows10.0.19041.0\smoke-featurecard-bubble count.png
[SMOKE] Starting a session via StartSessionCommand...
[12:39:50 INF] Session started: Total Surrender (Quick Start)
[12:39:50 INF] Starting session effects for Total Surrender (Quick Start)
[12:39:50 INF] AvaloniaOverlayService started
[12:39:50 INF] AvaloniaFlashService: images path refreshed to Z:\CCP Vids\images
[12:39:50 INF] AvaloniaFlashService started, images path: Z:\CCP Vids\images
[12:39:50 INF] AvaloniaVideoService started (videos: 670)
[12:39:50 INF] AvaloniaSubliminalService started
[12:39:50 DBG] ModResourceResolver: loaded override C:\Users\Micha\AppData\Local\ConditioningControlPanel\builtin_mods\drone-mode\resources\bubble.png
[12:39:50 INF] AvaloniaLockCardService started - approximately 4/hour
[12:39:50 INF] AvaloniaPopQuizService started — approximately 10/hour
[12:39:51 DBG] Settings.Save: ActivePackIds BEFORE serialize: []
[12:39:51 DBG] Settings saved to C:\Users\Micha\AppData\Local\ConditioningControlPanel\settings.json (Triggers: 18, ActivePacks: 0)
[SMOKE] Stopping session...
[12:39:52 INF] Session stopped early
[12:39:52 INF] Stopping all session effects
[12:39:52 INF] AvaloniaFlashService stopped
[12:39:52 DBG] InteractionQueue: Complete(Video) called but queue already clear
[12:39:52 INF] AvaloniaVideoService stopped
[12:39:52 INF] AvaloniaSubliminalService stopped
[12:39:52 DBG] InteractionQueue: Complete(LockCard) called but queue already clear
[12:39:52 INF] AvaloniaLockCardService stopped
[12:39:52 INF] AvaloniaPopQuizService stopped
[12:39:52 INF] AvaloniaOverlayService stopped
[12:39:53 DBG] Settings.Save: ActivePackIds BEFORE serialize: []
[12:39:53 DBG] Settings saved to C:\Users\Micha\AppData\Local\ConditioningControlPanel\settings.json (Triggers: 18, ActivePacks: 0)
[SMOKE] Avatar speech bubble visible after click.
[12:39:55 INF] AvaloniaOverlayService started
[SMOKE] Verified 6 overlay window(s) are click-through.
[12:39:56 INF] AvaloniaOverlayService stopped
[SMOKE] ChaosHub -> opening main menu...
[SMOKE] ChaosHub menu screenshot saved: E:\Code\Conditioning-Control-Panel\ConditioningControlPanel\CCP.Avalonia.Desktop.Windows\bin\Debug\net8.0-windows10.0.19041.0\smoke-chaos-hub-menu.png
[SMOKE] ChaosHub menu exercised successfully.
[SMOKE] ChaosRun -> opening hub and starting a short run...
[12:40:06 INF] AvaloniaChaosService run started (Easy, 60s, 2 waves)
[12:40:06 DBG] ModResourceResolver: loaded override C:\Users\Micha\AppData\Local\ConditioningControlPanel\builtin_mods\drone-mode\resources\bubble.png
[12:40:06 INF] Low-level mouse hook installed
[12:40:06 INF] ChaosBackdropService window up (non-topmost, click-absorbing, Skia FX)
