  Determining projects to restore...
  All projects are up-to-date for restore.
E:\Code\Conditioning-Control-Panel\ConditioningControlPanel\CCP.Core\Models\AppSettings.cs(1072,16): warning CS0618: 'ContentMode' is obsolete: 'Use App.Mods (ModService) and ActiveModId instead' [E:\Code\Conditioning-Control-Panel\ConditioningControlPanel\CCP.Core\CCP.Core.csproj]
E:\Code\Conditioning-Control-Panel\ConditioningControlPanel\CCP.Core\Models\AppSettings.cs(1171,27): warning CS0618: 'ContentMode' is obsolete: 'Use App.Mods (ModService) and ActiveModId instead' [E:\Code\Conditioning-Control-Panel\ConditioningControlPanel\CCP.Core\CCP.Core.csproj]
E:\Code\Conditioning-Control-Panel\ConditioningControlPanel\CCP.Core\Models\AppSettings.cs(1173,27): warning CS0618: 'ContentMode' is obsolete: 'Use App.Mods (ModService) and ActiveModId instead' [E:\Code\Conditioning-Control-Panel\ConditioningControlPanel\CCP.Core\CCP.Core.csproj]
E:\Code\Conditioning-Control-Panel\ConditioningControlPanel\CCP.Core\Models\AppSettings.cs(1175,27): warning CS0618: 'ContentMode' is obsolete: 'Use App.Mods (ModService) and ActiveModId instead' [E:\Code\Conditioning-Control-Panel\ConditioningControlPanel\CCP.Core\CCP.Core.csproj]
E:\Code\Conditioning-Control-Panel\ConditioningControlPanel\CCP.Core\Models\AppSettings.cs(1177,27): warning CS0618: 'ContentMode' is obsolete: 'Use App.Mods (ModService) and ActiveModId instead' [E:\Code\Conditioning-Control-Panel\ConditioningControlPanel\CCP.Core\CCP.Core.csproj]
E:\Code\Conditioning-Control-Panel\ConditioningControlPanel\CCP.Core\Models\Session.cs(99,59): warning CS0618: 'ContentMode' is obsolete: 'Use App.Mods (ModService) and ActiveModId instead' [E:\Code\Conditioning-Control-Panel\ConditioningControlPanel\CCP.Core\CCP.Core.csproj]
E:\Code\Conditioning-Control-Panel\ConditioningControlPanel\CCP.Core\Models\AppSettings.cs(1067,17): warning CS0618: 'ContentMode' is obsolete: 'Use App.Mods (ModService) and ActiveModId instead' [E:\Code\Conditioning-Control-Panel\ConditioningControlPanel\CCP.Core\CCP.Core.csproj]
E:\Code\Conditioning-Control-Panel\ConditioningControlPanel\CCP.Core\Models\AssetPreset.cs(114,54): warning CS8602: Dereference of a possibly null reference. [E:\Code\Conditioning-Control-Panel\ConditioningControlPanel\CCP.Core\CCP.Core.csproj]
E:\Code\Conditioning-Control-Panel\ConditioningControlPanel\CCP.Core\Models\AssetPreset.cs(127,9): warning CS8602: Dereference of a possibly null reference. [E:\Code\Conditioning-Control-Panel\ConditioningControlPanel\CCP.Core\CCP.Core.csproj]
E:\Code\Conditioning-Control-Panel\ConditioningControlPanel\CCP.Core\Models\AssetPreset.cs(136,50): warning CS8602: Dereference of a possibly null reference. [E:\Code\Conditioning-Control-Panel\ConditioningControlPanel\CCP.Core\CCP.Core.csproj]
E:\Code\Conditioning-Control-Panel\ConditioningControlPanel\CCP.Core\Services\Settings\SettingsService.cs(249,45): warning CS8601: Possible null reference assignment. [E:\Code\Conditioning-Control-Panel\ConditioningControlPanel\CCP.Core\CCP.Core.csproj]
E:\Code\Conditioning-Control-Panel\ConditioningControlPanel\CCP.Core\Models\PhrasePreset.cs(99,24): warning CS8602: Dereference of a possibly null reference. [E:\Code\Conditioning-Control-Panel\ConditioningControlPanel\CCP.Core\CCP.Core.csproj]
E:\Code\Conditioning-Control-Panel\ConditioningControlPanel\CCP.Core\Models\PhrasePreset.cs(126,24): warning CS8602: Dereference of a possibly null reference. [E:\Code\Conditioning-Control-Panel\ConditioningControlPanel\CCP.Core\CCP.Core.csproj]
E:\Code\Conditioning-Control-Panel\ConditioningControlPanel\CCP.Core\Models\PhrasePreset.cs(147,24): warning CS8602: Dereference of a possibly null reference. [E:\Code\Conditioning-Control-Panel\ConditioningControlPanel\CCP.Core\CCP.Core.csproj]
E:\Code\Conditioning-Control-Panel\ConditioningControlPanel\CCP.Core\Models\Session.cs(101,55): warning CS0618: 'ContentMode' is obsolete: 'Use App.Mods (ModService) and ActiveModId instead' [E:\Code\Conditioning-Control-Panel\ConditioningControlPanel\CCP.Core\CCP.Core.csproj]
E:\Code\Conditioning-Control-Panel\ConditioningControlPanel\CCP.Core\Models\Session.cs(662,76): warning CS8604: Possible null reference argument for parameter 'args' in 'string Loc.GetF(string key, params object[] args)'. [E:\Code\Conditioning-Control-Panel\ConditioningControlPanel\CCP.Core\CCP.Core.csproj]
E:\Code\Conditioning-Control-Panel\ConditioningControlPanel\CCP.Core\Models\Session.cs(664,80): warning CS8604: Possible null reference argument for parameter 'args' in 'string Loc.GetF(string key, params object[] args)'. [E:\Code\Conditioning-Control-Panel\ConditioningControlPanel\CCP.Core\CCP.Core.csproj]
E:\Code\Conditioning-Control-Panel\ConditioningControlPanel\CCP.Core\Models\Session.cs(666,82): warning CS8604: Possible null reference argument for parameter 'args' in 'string Loc.GetF(string key, params object[] args)'. [E:\Code\Conditioning-Control-Panel\ConditioningControlPanel\CCP.Core\CCP.Core.csproj]
E:\Code\Conditioning-Control-Panel\ConditioningControlPanel\CCP.Core\Models\Session.cs(774,72): warning CS8604: Possible null reference argument for parameter 'args' in 'string Loc.GetF(string key, params object[] args)'. [E:\Code\Conditioning-Control-Panel\ConditioningControlPanel\CCP.Core\CCP.Core.csproj]
E:\Code\Conditioning-Control-Panel\ConditioningControlPanel\CCP.Core\Models\Session.cs(783,66): warning CS8604: Possible null reference argument for parameter 'args' in 'string Loc.GetF(string key, params object[] args)'. [E:\Code\Conditioning-Control-Panel\ConditioningControlPanel\CCP.Core\CCP.Core.csproj]
E:\Code\Conditioning-Control-Panel\ConditioningControlPanel\CCP.Core\Models\Session.cs(788,73): warning CS8604: Possible null reference argument for parameter 'args' in 'string Loc.GetF(string key, params object[] args)'. [E:\Code\Conditioning-Control-Panel\ConditioningControlPanel\CCP.Core\CCP.Core.csproj]
  CCP.Core -> E:\Code\Conditioning-Control-Panel\ConditioningControlPanel\CCP.Core\bin\Release\net8.0\CCP.Core.dll
E:\Code\Conditioning-Control-Panel\ConditioningControlPanel\CCP.Avalonia\Dialogs\LoginDialog.axaml.cs(78,21): error CS1061: 'TextBox' does not contain a definition for 'Password' and no accessible extension method 'Password' accepting a first argument of type 'TextBox' could be found (are you missing a using directive or an assembly reference?) [E:\Code\Conditioning-Control-Panel\ConditioningControlPanel\CCP.Avalonia\CCP.Avalonia.csproj]
E:\Code\Conditioning-Control-Panel\ConditioningControlPanel\CCP.Avalonia\Dialogs\LoginDialog.axaml.cs(79,28): error CS1061: 'TextBox' does not contain a definition for 'Password' and no accessible extension method 'Password' accepting a first argument of type 'TextBox' could be found (are you missing a using directive or an assembly reference?) [E:\Code\Conditioning-Control-Panel\ConditioningControlPanel\CCP.Avalonia\CCP.Avalonia.csproj]
E:\Code\Conditioning-Control-Panel\ConditioningControlPanel\CCP.Avalonia\Dialogs\LoginDialog.axaml.cs(418,21): error CS1061: 'TextBox' does not contain a definition for 'Password' and no accessible extension method 'Password' accepting a first argument of type 'TextBox' could be found (are you missing a using directive or an assembly reference?) [E:\Code\Conditioning-Control-Panel\ConditioningControlPanel\CCP.Avalonia\CCP.Avalonia.csproj]
E:\Code\Conditioning-Control-Panel\ConditioningControlPanel\CCP.Avalonia\Dialogs\LoginDialog.axaml.cs(419,28): error CS1061: 'TextBox' does not contain a definition for 'Password' and no accessible extension method 'Password' accepting a first argument of type 'TextBox' could be found (are you missing a using directive or an assembly reference?) [E:\Code\Conditioning-Control-Panel\ConditioningControlPanel\CCP.Avalonia\CCP.Avalonia.csproj]
E:\Code\Conditioning-Control-Panel\ConditioningControlPanel\CCP.Avalonia\Dialogs\LoginDialog.axaml.cs(459,9): warning CS8602: Dereference of a possibly null reference. [E:\Code\Conditioning-Control-Panel\ConditioningControlPanel\CCP.Avalonia\CCP.Avalonia.csproj]
E:\Code\Conditioning-Control-Panel\ConditioningControlPanel\CCP.Avalonia\Dialogs\LoginDialog.axaml.cs(477,36): error CS1061: 'TextBox' does not contain a definition for 'Password' and no accessible extension method 'Password' accepting a first argument of type 'TextBox' could be found (are you missing a using directive or an assembly reference?) [E:\Code\Conditioning-Control-Panel\ConditioningControlPanel\CCP.Avalonia\CCP.Avalonia.csproj]
E:\Code\Conditioning-Control-Panel\ConditioningControlPanel\CCP.Avalonia\Dialogs\LoginDialog.axaml.cs(498,36): error CS1061: 'TextBox' does not contain a definition for 'Password' and no accessible extension method 'Password' accepting a first argument of type 'TextBox' could be found (are you missing a using directive or an assembly reference?) [E:\Code\Conditioning-Control-Panel\ConditioningControlPanel\CCP.Avalonia\CCP.Avalonia.csproj]
E:\Code\Conditioning-Control-Panel\ConditioningControlPanel\CCP.Avalonia\Dialogs\LoginDialog.axaml.cs(886,33): error CS1061: 'IClipboard' does not contain a definition for 'SetTextAsync' and no accessible extension method 'SetTextAsync' accepting a first argument of type 'IClipboard' could be found (are you missing a using directive or an assembly reference?) [E:\Code\Conditioning-Control-Panel\ConditioningControlPanel\CCP.Avalonia\CCP.Avalonia.csproj]
E:\Code\Conditioning-Control-Panel\ConditioningControlPanel\CCP.Avalonia\AvatarTube\AvatarTubeWindow.Avatar.cs(163,21): warning CS0169: The field 'AvatarTubeWindow._avatarSwitchGen' is never used [E:\Code\Conditioning-Control-Panel\ConditioningControlPanel\CCP.Avalonia\CCP.Avalonia.csproj]
E:\Code\Conditioning-Control-Panel\ConditioningControlPanel\CCP.Avalonia\AvatarTube\AvatarTubeWindow.axaml.cs(87,34): warning CS0169: The field 'AvatarTubeWindow._speechLeadInTimer' is never used [E:\Code\Conditioning-Control-Panel\ConditioningControlPanel\CCP.Avalonia\CCP.Avalonia.csproj]
E:\Code\Conditioning-Control-Panel\ConditioningControlPanel\CCP.Avalonia\Platform\AvaloniaInputHook.cs(11,52): warning CS0067: The event 'AvaloniaInputHook.MouseMoved' is never used [E:\Code\Conditioning-Control-Panel\ConditioningControlPanel\CCP.Avalonia\CCP.Avalonia.csproj]
E:\Code\Conditioning-Control-Panel\ConditioningControlPanel\CCP.Avalonia\AvatarTube\AvatarTubeWindow.CirceEmotes.cs(11,25): warning CS0169: The field 'AvatarTubeWindow._circeCurrentClip' is never used [E:\Code\Conditioning-Control-Panel\ConditioningControlPanel\CCP.Avalonia\CCP.Avalonia.csproj]
E:\Code\Conditioning-Control-Panel\ConditioningControlPanel\CCP.Avalonia\AvatarTube\AvatarTubeWindow.CirceEmotes.cs(15,34): warning CS0169: The field 'AvatarTubeWindow._circeMinHoldTimer' is never used [E:\Code\Conditioning-Control-Panel\ConditioningControlPanel\CCP.Avalonia\CCP.Avalonia.csproj]
E:\Code\Conditioning-Control-Panel\ConditioningControlPanel\CCP.Avalonia\AvatarTube\AvatarTubeWindow.Avatar.cs(29,24): warning CS0169: The field 'AvatarTubeWindow._speakPhase' is never used [E:\Code\Conditioning-Control-Panel\ConditioningControlPanel\CCP.Avalonia\CCP.Avalonia.csproj]
E:\Code\Conditioning-Control-Panel\ConditioningControlPanel\CCP.Avalonia\AvatarTube\AvatarTubeWindow.Avatar.cs(22,21): warning CS0169: The field 'AvatarTubeWindow._emotionPoseIndex' is never used [E:\Code\Conditioning-Control-Panel\ConditioningControlPanel\CCP.Avalonia\CCP.Avalonia.csproj]
E:\Code\Conditioning-Control-Panel\ConditioningControlPanel\CCP.Avalonia\Platform\AvaloniaScreenProvider.cs(20,32): warning CS0067: The event 'AvaloniaScreenProvider.ScreensChanged' is never used [E:\Code\Conditioning-Control-Panel\ConditioningControlPanel\CCP.Avalonia\CCP.Avalonia.csproj]
E:\Code\Conditioning-Control-Panel\ConditioningControlPanel\CCP.Avalonia\AvatarTube\AvatarTubeWindow.Avatar.cs(26,24): warning CS0169: The field 'AvatarTubeWindow._breathPhase' is never used [E:\Code\Conditioning-Control-Panel\ConditioningControlPanel\CCP.Avalonia\CCP.Avalonia.csproj]
E:\Code\Conditioning-Control-Panel\ConditioningControlPanel\CCP.Avalonia\AvatarTube\AvatarTubeWindow.CirceEmotes.cs(18,25): warning CS0169: The field 'AvatarTubeWindow._circePendingClip' is never used [E:\Code\Conditioning-Control-Panel\ConditioningControlPanel\CCP.Avalonia\CCP.Avalonia.csproj]
E:\Code\Conditioning-Control-Panel\ConditioningControlPanel\CCP.Avalonia\Platform\AvaloniaSingleInstanceService.cs(13,42): warning CS0067: The event 'AvaloniaSingleInstanceService.ArgumentsReceived' is never used [E:\Code\Conditioning-Control-Panel\ConditioningControlPanel\CCP.Avalonia\CCP.Avalonia.csproj]
E:\Code\Conditioning-Control-Panel\ConditioningControlPanel\CCP.Avalonia\AvatarTube\AvatarTubeWindow.Avatar.cs(30,24): warning CS0169: The field 'AvatarTubeWindow._speakEnvPhase' is never used [E:\Code\Conditioning-Control-Panel\ConditioningControlPanel\CCP.Avalonia\CCP.Avalonia.csproj]
E:\Code\Conditioning-Control-Panel\ConditioningControlPanel\CCP.Avalonia\AvatarTube\AvatarTubeWindow.Avatar.cs(28,24): warning CS0169: The field 'AvatarTubeWindow._mistPhase' is never used [E:\Code\Conditioning-Control-Panel\ConditioningControlPanel\CCP.Avalonia\CCP.Avalonia.csproj]
E:\Code\Conditioning-Control-Panel\ConditioningControlPanel\CCP.Avalonia\AvatarTube\AvatarTubeWindow.axaml.cs(76,34): warning CS0649: Field 'AvatarTubeWindow._speechDelayTimer' is never assigned to, and will always have its default value null [E:\Code\Conditioning-Control-Panel\ConditioningControlPanel\CCP.Avalonia\CCP.Avalonia.csproj]
E:\Code\Conditioning-Control-Panel\ConditioningControlPanel\CCP.Avalonia\AvatarTube\AvatarTubeWindow.Avatar.cs(23,34): warning CS0649: Field 'AvatarTubeWindow._emotionReturnTimer' is never assigned to, and will always have its default value null [E:\Code\Conditioning-Control-Panel\ConditioningControlPanel\CCP.Avalonia\CCP.Avalonia.csproj]
E:\Code\Conditioning-Control-Panel\ConditioningControlPanel\CCP.Avalonia\AvatarTube\AvatarTubeWindow.Avatar.cs(327,22): warning CS0169: The field 'AvatarTubeWindow._circeMapValid' is never used [E:\Code\Conditioning-Control-Panel\ConditioningControlPanel\CCP.Avalonia\CCP.Avalonia.csproj]
E:\Code\Conditioning-Control-Panel\ConditioningControlPanel\CCP.Avalonia\AvatarTube\AvatarTubeWindow.axaml.cs(50,25): warning CS0169: The field 'AvatarTubeWindow._normalChatPlaceholder' is never used [E:\Code\Conditioning-Control-Panel\ConditioningControlPanel\CCP.Avalonia\CCP.Avalonia.csproj]
E:\Code\Conditioning-Control-Panel\ConditioningControlPanel\CCP.Avalonia\AvatarTube\AvatarTubeWindow.CirceEmotes.cs(16,34): warning CS0649: Field 'AvatarTubeWindow._circeTalkTimer' is never assigned to, and will always have its default value null [E:\Code\Conditioning-Control-Panel\ConditioningControlPanel\CCP.Avalonia\CCP.Avalonia.csproj]
E:\Code\Conditioning-Control-Panel\ConditioningControlPanel\CCP.Avalonia\AvatarTube\AvatarTubeWindow.axaml.cs(62,22): warning CS0649: Field 'AvatarTubeWindow._isPlayingUninterruptibleClip' is never assigned to, and will always have its default value false [E:\Code\Conditioning-Control-Panel\ConditioningControlPanel\CCP.Avalonia\CCP.Avalonia.csproj]
E:\Code\Conditioning-Control-Panel\ConditioningControlPanel\CCP.Avalonia\AvatarTube\AvatarTubeWindow.axaml.cs(68,21): warning CS0169: The field 'AvatarTubeWindow._presetGiggleCounter' is never used [E:\Code\Conditioning-Control-Panel\ConditioningControlPanel\CCP.Avalonia\CCP.Avalonia.csproj]
E:\Code\Conditioning-Control-Panel\ConditioningControlPanel\CCP.Avalonia\AvatarTube\AvatarTubeWindow.CirceEmotes.cs(12,24): warning CS0169: The field 'AvatarTubeWindow._circeActiveImg' is never used [E:\Code\Conditioning-Control-Panel\ConditioningControlPanel\CCP.Avalonia\CCP.Avalonia.csproj]
E:\Code\Conditioning-Control-Panel\ConditioningControlPanel\CCP.Avalonia\AvatarTube\AvatarTubeWindow.axaml.cs(46,22): warning CS0649: Field 'AvatarTubeWindow._circeEmoteMode' is never assigned to, and will always have its default value false [E:\Code\Conditioning-Control-Panel\ConditioningControlPanel\CCP.Avalonia\CCP.Avalonia.csproj]
E:\Code\Conditioning-Control-Panel\ConditioningControlPanel\CCP.Avalonia\AvatarTube\AvatarTubeWindow.Avatar.cs(20,21): warning CS0169: The field 'AvatarTubeWindow._skinIndex' is never used [E:\Code\Conditioning-Control-Panel\ConditioningControlPanel\CCP.Avalonia\CCP.Avalonia.csproj]
E:\Code\Conditioning-Control-Panel\ConditioningControlPanel\CCP.Avalonia\Platform\AvaloniaHotkeyProvider.cs(11,40): warning CS0067: The event 'AvaloniaHotkeyProvider.HotkeyPressed' is never used [E:\Code\Conditioning-Control-Panel\ConditioningControlPanel\CCP.Avalonia\CCP.Avalonia.csproj]
E:\Code\Conditioning-Control-Panel\ConditioningControlPanel\CCP.Avalonia\AvatarTube\AvatarTubeWindow.CirceEmotes.cs(14,34): warning CS0169: The field 'AvatarTubeWindow._circeWatchdog' is never used [E:\Code\Conditioning-Control-Panel\ConditioningControlPanel\CCP.Avalonia\CCP.Avalonia.csproj]
E:\Code\Conditioning-Control-Panel\ConditioningControlPanel\CCP.Avalonia\AvatarTube\AvatarTubeWindow.Avatar.cs(24,34): warning CS0649: Field 'AvatarTubeWindow._poseSeqTimer' is never assigned to, and will always have its default value null [E:\Code\Conditioning-Control-Panel\ConditioningControlPanel\CCP.Avalonia\CCP.Avalonia.csproj]
E:\Code\Conditioning-Control-Panel\ConditioningControlPanel\CCP.Avalonia\AvatarTube\AvatarTubeWindow.Windowing.cs(12,24): warning CS0169: The field 'AvatarTubeWindow._tubeHandle' is never used [E:\Code\Conditioning-Control-Panel\ConditioningControlPanel\CCP.Avalonia\CCP.Avalonia.csproj]
E:\Code\Conditioning-Control-Panel\ConditioningControlPanel\CCP.Avalonia\AvatarTube\AvatarTubeWindow.Avatar.cs(27,24): warning CS0169: The field 'AvatarTubeWindow._wobblePhase' is never used [E:\Code\Conditioning-Control-Panel\ConditioningControlPanel\CCP.Avalonia\CCP.Avalonia.csproj]
E:\Code\Conditioning-Control-Panel\ConditioningControlPanel\CCP.Avalonia\AvatarTube\AvatarTubeWindow.axaml.cs(122,22): warning CS0169: The field 'AvatarTubeWindow._wasAttachedBeforeFullscreen' is never used [E:\Code\Conditioning-Control-Panel\ConditioningControlPanel\CCP.Avalonia\CCP.Avalonia.csproj]
E:\Code\Conditioning-Control-Panel\ConditioningControlPanel\CCP.Avalonia\AvatarTube\AvatarTubeWindow.CirceEmotes.cs(20,22): warning CS0169: The field 'AvatarTubeWindow._circeClipStartTick' is never used [E:\Code\Conditioning-Control-Panel\ConditioningControlPanel\CCP.Avalonia\CCP.Avalonia.csproj]
E:\Code\Conditioning-Control-Panel\ConditioningControlPanel\CCP.Avalonia\Platform\AvaloniaBrowserHost.cs(26,37): warning CS0067: The event 'AvaloniaBrowserHost.Navigated' is never used [E:\Code\Conditioning-Control-Panel\ConditioningControlPanel\CCP.Avalonia\CCP.Avalonia.csproj]
E:\Code\Conditioning-Control-Panel\ConditioningControlPanel\CCP.Avalonia\AvatarTube\AvatarTubeWindow.Windowing.cs(13,24): warning CS0169: The field 'AvatarTubeWindow._parentHandle' is never used [E:\Code\Conditioning-Control-Panel\ConditioningControlPanel\CCP.Avalonia\CCP.Avalonia.csproj]
E:\Code\Conditioning-Control-Panel\ConditioningControlPanel\CCP.Avalonia\Platform\AvaloniaBrowserHost.cs(25,40): warning CS0067: The event 'AvaloniaBrowserHost.TitleChanged' is never used [E:\Code\Conditioning-Control-Panel\ConditioningControlPanel\CCP.Avalonia\CCP.Avalonia.csproj]
E:\Code\Conditioning-Control-Panel\ConditioningControlPanel\CCP.Avalonia\AvatarTube\AvatarTubeWindow.axaml.cs(123,22): warning CS0169: The field 'AvatarTubeWindow._hiddenForChaos' is never used [E:\Code\Conditioning-Control-Panel\ConditioningControlPanel\CCP.Avalonia\CCP.Avalonia.csproj]
E:\Code\Conditioning-Control-Panel\ConditioningControlPanel\CCP.Avalonia\AvatarTube\AvatarTubeWindow.axaml.cs(73,21): warning CS0169: The field 'AvatarTubeWindow._interactionCount' is never used [E:\Code\Conditioning-Control-Panel\ConditioningControlPanel\CCP.Avalonia\CCP.Avalonia.csproj]
E:\Code\Conditioning-Control-Panel\ConditioningControlPanel\CCP.Avalonia\Platform\AvaloniaInputHook.cs(10,55): warning CS0067: The event 'AvaloniaInputHook.KeyPressed' is never used [E:\Code\Conditioning-Control-Panel\ConditioningControlPanel\CCP.Avalonia\CCP.Avalonia.csproj]
E:\Code\Conditioning-Control-Panel\ConditioningControlPanel\CCP.Avalonia\AvatarTube\AvatarTubeWindow.axaml.cs(124,22): warning CS0169: The field 'AvatarTubeWindow._reattachAfterChaos' is never used [E:\Code\Conditioning-Control-Panel\ConditioningControlPanel\CCP.Avalonia\CCP.Avalonia.csproj]
E:\Code\Conditioning-Control-Panel\ConditioningControlPanel\CCP.Avalonia\AvatarTube\AvatarTubeWindow.Windowing.cs(14,22): warning CS0169: The field 'AvatarTubeWindow._reassertingAboveParent' is never used [E:\Code\Conditioning-Control-Panel\ConditioningControlPanel\CCP.Avalonia\CCP.Avalonia.csproj]
E:\Code\Conditioning-Control-Panel\ConditioningControlPanel\CCP.Avalonia\AvatarTube\AvatarTubeWindow.CirceEmotes.cs(19,22): warning CS0414: The field 'AvatarTubeWindow._circeClickCooldownTick' is assigned but its value is never used [E:\Code\Conditioning-Control-Panel\ConditioningControlPanel\CCP.Avalonia\CCP.Avalonia.csproj]
E:\Code\Conditioning-Control-Panel\ConditioningControlPanel\CCP.Avalonia\AvatarTube\AvatarTubeWindow.CirceEmotes.cs(10,22): warning CS0414: The field 'AvatarTubeWindow._circeReacting' is assigned but its value is never used [E:\Code\Conditioning-Control-Panel\ConditioningControlPanel\CCP.Avalonia\CCP.Avalonia.csproj]
E:\Code\Conditioning-Control-Panel\ConditioningControlPanel\CCP.Avalonia\AvatarTube\AvatarTubeWindow.axaml.cs(121,22): warning CS0414: The field 'AvatarTubeWindow._hiddenForFullscreen' is assigned but its value is never used [E:\Code\Conditioning-Control-Panel\ConditioningControlPanel\CCP.Avalonia\CCP.Avalonia.csproj]
E:\Code\Conditioning-Control-Panel\ConditioningControlPanel\CCP.Avalonia\AvatarTube\AvatarTubeWindow.CirceEmotes.cs(21,22): warning CS0414: The field 'AvatarTubeWindow._circeTalkSeqActive' is assigned but its value is never used [E:\Code\Conditioning-Control-Panel\ConditioningControlPanel\CCP.Avalonia\CCP.Avalonia.csproj]
E:\Code\Conditioning-Control-Panel\ConditioningControlPanel\CCP.Avalonia\AvatarTube\AvatarTubeWindow.Avatar.cs(19,25): warning CS0414: The field 'AvatarTubeWindow._portraitSet' is assigned but its value is never used [E:\Code\Conditioning-Control-Panel\ConditioningControlPanel\CCP.Avalonia\CCP.Avalonia.csproj]
E:\Code\Conditioning-Control-Panel\ConditioningControlPanel\CCP.Avalonia\AvatarTube\AvatarTubeWindow.Avatar.cs(21,24): warning CS0414: The field 'AvatarTubeWindow._currentEmotion' is assigned but its value is never used [E:\Code\Conditioning-Control-Panel\ConditioningControlPanel\CCP.Avalonia\CCP.Avalonia.csproj]

Build FAILED.

E:\Code\Conditioning-Control-Panel\ConditioningControlPanel\CCP.Core\Models\AppSettings.cs(1072,16): warning CS0618: 'ContentMode' is obsolete: 'Use App.Mods (ModService) and ActiveModId instead' [E:\Code\Conditioning-Control-Panel\ConditioningControlPanel\CCP.Core\CCP.Core.csproj]
E:\Code\Conditioning-Control-Panel\ConditioningControlPanel\CCP.Core\Models\AppSettings.cs(1171,27): warning CS0618: 'ContentMode' is obsolete: 'Use App.Mods (ModService) and ActiveModId instead' [E:\Code\Conditioning-Control-Panel\ConditioningControlPanel\CCP.Core\CCP.Core.csproj]
E:\Code\Conditioning-Control-Panel\ConditioningControlPanel\CCP.Core\Models\AppSettings.cs(1173,27): warning CS0618: 'ContentMode' is obsolete: 'Use App.Mods (ModService) and ActiveModId instead' [E:\Code\Conditioning-Control-Panel\ConditioningControlPanel\CCP.Core\CCP.Core.csproj]
E:\Code\Conditioning-Control-Panel\ConditioningControlPanel\CCP.Core\Models\AppSettings.cs(1175,27): warning CS0618: 'ContentMode' is obsolete: 'Use App.Mods (ModService) and ActiveModId instead' [E:\Code\Conditioning-Control-Panel\ConditioningControlPanel\CCP.Core\CCP.Core.csproj]
E:\Code\Conditioning-Control-Panel\ConditioningControlPanel\CCP.Core\Models\AppSettings.cs(1177,27): warning CS0618: 'ContentMode' is obsolete: 'Use App.Mods (ModService) and ActiveModId instead' [E:\Code\Conditioning-Control-Panel\ConditioningControlPanel\CCP.Core\CCP.Core.csproj]
E:\Code\Conditioning-Control-Panel\ConditioningControlPanel\CCP.Core\Models\Session.cs(99,59): warning CS0618: 'ContentMode' is obsolete: 'Use App.Mods (ModService) and ActiveModId instead' [E:\Code\Conditioning-Control-Panel\ConditioningControlPanel\CCP.Core\CCP.Core.csproj]
E:\Code\Conditioning-Control-Panel\ConditioningControlPanel\CCP.Core\Models\AppSettings.cs(1067,17): warning CS0618: 'ContentMode' is obsolete: 'Use App.Mods (ModService) and ActiveModId instead' [E:\Code\Conditioning-Control-Panel\ConditioningControlPanel\CCP.Core\CCP.Core.csproj]
E:\Code\Conditioning-Control-Panel\ConditioningControlPanel\CCP.Core\Models\AssetPreset.cs(114,54): warning CS8602: Dereference of a possibly null reference. [E:\Code\Conditioning-Control-Panel\ConditioningControlPanel\CCP.Core\CCP.Core.csproj]
E:\Code\Conditioning-Control-Panel\ConditioningControlPanel\CCP.Core\Models\AssetPreset.cs(127,9): warning CS8602: Dereference of a possibly null reference. [E:\Code\Conditioning-Control-Panel\ConditioningControlPanel\CCP.Core\CCP.Core.csproj]
E:\Code\Conditioning-Control-Panel\ConditioningControlPanel\CCP.Core\Models\AssetPreset.cs(136,50): warning CS8602: Dereference of a possibly null reference. [E:\Code\Conditioning-Control-Panel\ConditioningControlPanel\CCP.Core\CCP.Core.csproj]
E:\Code\Conditioning-Control-Panel\ConditioningControlPanel\CCP.Core\Services\Settings\SettingsService.cs(249,45): warning CS8601: Possible null reference assignment. [E:\Code\Conditioning-Control-Panel\ConditioningControlPanel\CCP.Core\CCP.Core.csproj]
E:\Code\Conditioning-Control-Panel\ConditioningControlPanel\CCP.Core\Models\PhrasePreset.cs(99,24): warning CS8602: Dereference of a possibly null reference. [E:\Code\Conditioning-Control-Panel\ConditioningControlPanel\CCP.Core\CCP.Core.csproj]
E:\Code\Conditioning-Control-Panel\ConditioningControlPanel\CCP.Core\Models\PhrasePreset.cs(126,24): warning CS8602: Dereference of a possibly null reference. [E:\Code\Conditioning-Control-Panel\ConditioningControlPanel\CCP.Core\CCP.Core.csproj]
E:\Code\Conditioning-Control-Panel\ConditioningControlPanel\CCP.Core\Models\PhrasePreset.cs(147,24): warning CS8602: Dereference of a possibly null reference. [E:\Code\Conditioning-Control-Panel\ConditioningControlPanel\CCP.Core\CCP.Core.csproj]
E:\Code\Conditioning-Control-Panel\ConditioningControlPanel\CCP.Core\Models\Session.cs(101,55): warning CS0618: 'ContentMode' is obsolete: 'Use App.Mods (ModService) and ActiveModId instead' [E:\Code\Conditioning-Control-Panel\ConditioningControlPanel\CCP.Core\CCP.Core.csproj]
E:\Code\Conditioning-Control-Panel\ConditioningControlPanel\CCP.Core\Models\Session.cs(662,76): warning CS8604: Possible null reference argument for parameter 'args' in 'string Loc.GetF(string key, params object[] args)'. [E:\Code\Conditioning-Control-Panel\ConditioningControlPanel\CCP.Core\CCP.Core.csproj]
E:\Code\Conditioning-Control-Panel\ConditioningControlPanel\CCP.Core\Models\Session.cs(664,80): warning CS8604: Possible null reference argument for parameter 'args' in 'string Loc.GetF(string key, params object[] args)'. [E:\Code\Conditioning-Control-Panel\ConditioningControlPanel\CCP.Core\CCP.Core.csproj]
E:\Code\Conditioning-Control-Panel\ConditioningControlPanel\CCP.Core\Models\Session.cs(666,82): warning CS8604: Possible null reference argument for parameter 'args' in 'string Loc.GetF(string key, params object[] args)'. [E:\Code\Conditioning-Control-Panel\ConditioningControlPanel\CCP.Core\CCP.Core.csproj]
E:\Code\Conditioning-Control-Panel\ConditioningControlPanel\CCP.Core\Models\Session.cs(774,72): warning CS8604: Possible null reference argument for parameter 'args' in 'string Loc.GetF(string key, params object[] args)'. [E:\Code\Conditioning-Control-Panel\ConditioningControlPanel\CCP.Core\CCP.Core.csproj]
E:\Code\Conditioning-Control-Panel\ConditioningControlPanel\CCP.Core\Models\Session.cs(783,66): warning CS8604: Possible null reference argument for parameter 'args' in 'string Loc.GetF(string key, params object[] args)'. [E:\Code\Conditioning-Control-Panel\ConditioningControlPanel\CCP.Core\CCP.Core.csproj]
E:\Code\Conditioning-Control-Panel\ConditioningControlPanel\CCP.Core\Models\Session.cs(788,73): warning CS8604: Possible null reference argument for parameter 'args' in 'string Loc.GetF(string key, params object[] args)'. [E:\Code\Conditioning-Control-Panel\ConditioningControlPanel\CCP.Core\CCP.Core.csproj]
E:\Code\Conditioning-Control-Panel\ConditioningControlPanel\CCP.Avalonia\Dialogs\LoginDialog.axaml.cs(459,9): warning CS8602: Dereference of a possibly null reference. [E:\Code\Conditioning-Control-Panel\ConditioningControlPanel\CCP.Avalonia\CCP.Avalonia.csproj]
E:\Code\Conditioning-Control-Panel\ConditioningControlPanel\CCP.Avalonia\AvatarTube\AvatarTubeWindow.Avatar.cs(163,21): warning CS0169: The field 'AvatarTubeWindow._avatarSwitchGen' is never used [E:\Code\Conditioning-Control-Panel\ConditioningControlPanel\CCP.Avalonia\CCP.Avalonia.csproj]
E:\Code\Conditioning-Control-Panel\ConditioningControlPanel\CCP.Avalonia\AvatarTube\AvatarTubeWindow.axaml.cs(87,34): warning CS0169: The field 'AvatarTubeWindow._speechLeadInTimer' is never used [E:\Code\Conditioning-Control-Panel\ConditioningControlPanel\CCP.Avalonia\CCP.Avalonia.csproj]
E:\Code\Conditioning-Control-Panel\ConditioningControlPanel\CCP.Avalonia\Platform\AvaloniaInputHook.cs(11,52): warning CS0067: The event 'AvaloniaInputHook.MouseMoved' is never used [E:\Code\Conditioning-Control-Panel\ConditioningControlPanel\CCP.Avalonia\CCP.Avalonia.csproj]
E:\Code\Conditioning-Control-Panel\ConditioningControlPanel\CCP.Avalonia\AvatarTube\AvatarTubeWindow.CirceEmotes.cs(11,25): warning CS0169: The field 'AvatarTubeWindow._circeCurrentClip' is never used [E:\Code\Conditioning-Control-Panel\ConditioningControlPanel\CCP.Avalonia\CCP.Avalonia.csproj]
E:\Code\Conditioning-Control-Panel\ConditioningControlPanel\CCP.Avalonia\AvatarTube\AvatarTubeWindow.CirceEmotes.cs(15,34): warning CS0169: The field 'AvatarTubeWindow._circeMinHoldTimer' is never used [E:\Code\Conditioning-Control-Panel\ConditioningControlPanel\CCP.Avalonia\CCP.Avalonia.csproj]
E:\Code\Conditioning-Control-Panel\ConditioningControlPanel\CCP.Avalonia\AvatarTube\AvatarTubeWindow.Avatar.cs(29,24): warning CS0169: The field 'AvatarTubeWindow._speakPhase' is never used [E:\Code\Conditioning-Control-Panel\ConditioningControlPanel\CCP.Avalonia\CCP.Avalonia.csproj]
E:\Code\Conditioning-Control-Panel\ConditioningControlPanel\CCP.Avalonia\AvatarTube\AvatarTubeWindow.Avatar.cs(22,21): warning CS0169: The field 'AvatarTubeWindow._emotionPoseIndex' is never used [E:\Code\Conditioning-Control-Panel\ConditioningControlPanel\CCP.Avalonia\CCP.Avalonia.csproj]
E:\Code\Conditioning-Control-Panel\ConditioningControlPanel\CCP.Avalonia\Platform\AvaloniaScreenProvider.cs(20,32): warning CS0067: The event 'AvaloniaScreenProvider.ScreensChanged' is never used [E:\Code\Conditioning-Control-Panel\ConditioningControlPanel\CCP.Avalonia\CCP.Avalonia.csproj]
E:\Code\Conditioning-Control-Panel\ConditioningControlPanel\CCP.Avalonia\AvatarTube\AvatarTubeWindow.Avatar.cs(26,24): warning CS0169: The field 'AvatarTubeWindow._breathPhase' is never used [E:\Code\Conditioning-Control-Panel\ConditioningControlPanel\CCP.Avalonia\CCP.Avalonia.csproj]
E:\Code\Conditioning-Control-Panel\ConditioningControlPanel\CCP.Avalonia\AvatarTube\AvatarTubeWindow.CirceEmotes.cs(18,25): warning CS0169: The field 'AvatarTubeWindow._circePendingClip' is never used [E:\Code\Conditioning-Control-Panel\ConditioningControlPanel\CCP.Avalonia\CCP.Avalonia.csproj]
E:\Code\Conditioning-Control-Panel\ConditioningControlPanel\CCP.Avalonia\Platform\AvaloniaSingleInstanceService.cs(13,42): warning CS0067: The event 'AvaloniaSingleInstanceService.ArgumentsReceived' is never used [E:\Code\Conditioning-Control-Panel\ConditioningControlPanel\CCP.Avalonia\CCP.Avalonia.csproj]
E:\Code\Conditioning-Control-Panel\ConditioningControlPanel\CCP.Avalonia\AvatarTube\AvatarTubeWindow.Avatar.cs(30,24): warning CS0169: The field 'AvatarTubeWindow._speakEnvPhase' is never used [E:\Code\Conditioning-Control-Panel\ConditioningControlPanel\CCP.Avalonia\CCP.Avalonia.csproj]
E:\Code\Conditioning-Control-Panel\ConditioningControlPanel\CCP.Avalonia\AvatarTube\AvatarTubeWindow.Avatar.cs(28,24): warning CS0169: The field 'AvatarTubeWindow._mistPhase' is never used [E:\Code\Conditioning-Control-Panel\ConditioningControlPanel\CCP.Avalonia\CCP.Avalonia.csproj]
E:\Code\Conditioning-Control-Panel\ConditioningControlPanel\CCP.Avalonia\AvatarTube\AvatarTubeWindow.axaml.cs(76,34): warning CS0649: Field 'AvatarTubeWindow._speechDelayTimer' is never assigned to, and will always have its default value null [E:\Code\Conditioning-Control-Panel\ConditioningControlPanel\CCP.Avalonia\CCP.Avalonia.csproj]
E:\Code\Conditioning-Control-Panel\ConditioningControlPanel\CCP.Avalonia\AvatarTube\AvatarTubeWindow.Avatar.cs(23,34): warning CS0649: Field 'AvatarTubeWindow._emotionReturnTimer' is never assigned to, and will always have its default value null [E:\Code\Conditioning-Control-Panel\ConditioningControlPanel\CCP.Avalonia\CCP.Avalonia.csproj]
E:\Code\Conditioning-Control-Panel\ConditioningControlPanel\CCP.Avalonia\AvatarTube\AvatarTubeWindow.Avatar.cs(327,22): warning CS0169: The field 'AvatarTubeWindow._circeMapValid' is never used [E:\Code\Conditioning-Control-Panel\ConditioningControlPanel\CCP.Avalonia\CCP.Avalonia.csproj]
E:\Code\Conditioning-Control-Panel\ConditioningControlPanel\CCP.Avalonia\AvatarTube\AvatarTubeWindow.axaml.cs(50,25): warning CS0169: The field 'AvatarTubeWindow._normalChatPlaceholder' is never used [E:\Code\Conditioning-Control-Panel\ConditioningControlPanel\CCP.Avalonia\CCP.Avalonia.csproj]
E:\Code\Conditioning-Control-Panel\ConditioningControlPanel\CCP.Avalonia\AvatarTube\AvatarTubeWindow.CirceEmotes.cs(16,34): warning CS0649: Field 'AvatarTubeWindow._circeTalkTimer' is never assigned to, and will always have its default value null [E:\Code\Conditioning-Control-Panel\ConditioningControlPanel\CCP.Avalonia\CCP.Avalonia.csproj]
E:\Code\Conditioning-Control-Panel\ConditioningControlPanel\CCP.Avalonia\AvatarTube\AvatarTubeWindow.axaml.cs(62,22): warning CS0649: Field 'AvatarTubeWindow._isPlayingUninterruptibleClip' is never assigned to, and will always have its default value false [E:\Code\Conditioning-Control-Panel\ConditioningControlPanel\CCP.Avalonia\CCP.Avalonia.csproj]
E:\Code\Conditioning-Control-Panel\ConditioningControlPanel\CCP.Avalonia\AvatarTube\AvatarTubeWindow.axaml.cs(68,21): warning CS0169: The field 'AvatarTubeWindow._presetGiggleCounter' is never used [E:\Code\Conditioning-Control-Panel\ConditioningControlPanel\CCP.Avalonia\CCP.Avalonia.csproj]
E:\Code\Conditioning-Control-Panel\ConditioningControlPanel\CCP.Avalonia\AvatarTube\AvatarTubeWindow.CirceEmotes.cs(12,24): warning CS0169: The field 'AvatarTubeWindow._circeActiveImg' is never used [E:\Code\Conditioning-Control-Panel\ConditioningControlPanel\CCP.Avalonia\CCP.Avalonia.csproj]
E:\Code\Conditioning-Control-Panel\ConditioningControlPanel\CCP.Avalonia\AvatarTube\AvatarTubeWindow.axaml.cs(46,22): warning CS0649: Field 'AvatarTubeWindow._circeEmoteMode' is never assigned to, and will always have its default value false [E:\Code\Conditioning-Control-Panel\ConditioningControlPanel\CCP.Avalonia\CCP.Avalonia.csproj]
E:\Code\Conditioning-Control-Panel\ConditioningControlPanel\CCP.Avalonia\AvatarTube\AvatarTubeWindow.Avatar.cs(20,21): warning CS0169: The field 'AvatarTubeWindow._skinIndex' is never used [E:\Code\Conditioning-Control-Panel\ConditioningControlPanel\CCP.Avalonia\CCP.Avalonia.csproj]
E:\Code\Conditioning-Control-Panel\ConditioningControlPanel\CCP.Avalonia\Platform\AvaloniaHotkeyProvider.cs(11,40): warning CS0067: The event 'AvaloniaHotkeyProvider.HotkeyPressed' is never used [E:\Code\Conditioning-Control-Panel\ConditioningControlPanel\CCP.Avalonia\CCP.Avalonia.csproj]
E:\Code\Conditioning-Control-Panel\ConditioningControlPanel\CCP.Avalonia\AvatarTube\AvatarTubeWindow.CirceEmotes.cs(14,34): warning CS0169: The field 'AvatarTubeWindow._circeWatchdog' is never used [E:\Code\Conditioning-Control-Panel\ConditioningControlPanel\CCP.Avalonia\CCP.Avalonia.csproj]
E:\Code\Conditioning-Control-Panel\ConditioningControlPanel\CCP.Avalonia\AvatarTube\AvatarTubeWindow.Avatar.cs(24,34): warning CS0649: Field 'AvatarTubeWindow._poseSeqTimer' is never assigned to, and will always have its default value null [E:\Code\Conditioning-Control-Panel\ConditioningControlPanel\CCP.Avalonia\CCP.Avalonia.csproj]
E:\Code\Conditioning-Control-Panel\ConditioningControlPanel\CCP.Avalonia\AvatarTube\AvatarTubeWindow.Windowing.cs(12,24): warning CS0169: The field 'AvatarTubeWindow._tubeHandle' is never used [E:\Code\Conditioning-Control-Panel\ConditioningControlPanel\CCP.Avalonia\CCP.Avalonia.csproj]
E:\Code\Conditioning-Control-Panel\ConditioningControlPanel\CCP.Avalonia\AvatarTube\AvatarTubeWindow.Avatar.cs(27,24): warning CS0169: The field 'AvatarTubeWindow._wobblePhase' is never used [E:\Code\Conditioning-Control-Panel\ConditioningControlPanel\CCP.Avalonia\CCP.Avalonia.csproj]
E:\Code\Conditioning-Control-Panel\ConditioningControlPanel\CCP.Avalonia\AvatarTube\AvatarTubeWindow.axaml.cs(122,22): warning CS0169: The field 'AvatarTubeWindow._wasAttachedBeforeFullscreen' is never used [E:\Code\Conditioning-Control-Panel\ConditioningControlPanel\CCP.Avalonia\CCP.Avalonia.csproj]
E:\Code\Conditioning-Control-Panel\ConditioningControlPanel\CCP.Avalonia\AvatarTube\AvatarTubeWindow.CirceEmotes.cs(20,22): warning CS0169: The field 'AvatarTubeWindow._circeClipStartTick' is never used [E:\Code\Conditioning-Control-Panel\ConditioningControlPanel\CCP.Avalonia\CCP.Avalonia.csproj]
E:\Code\Conditioning-Control-Panel\ConditioningControlPanel\CCP.Avalonia\Platform\AvaloniaBrowserHost.cs(26,37): warning CS0067: The event 'AvaloniaBrowserHost.Navigated' is never used [E:\Code\Conditioning-Control-Panel\ConditioningControlPanel\CCP.Avalonia\CCP.Avalonia.csproj]
E:\Code\Conditioning-Control-Panel\ConditioningControlPanel\CCP.Avalonia\AvatarTube\AvatarTubeWindow.Windowing.cs(13,24): warning CS0169: The field 'AvatarTubeWindow._parentHandle' is never used [E:\Code\Conditioning-Control-Panel\ConditioningControlPanel\CCP.Avalonia\CCP.Avalonia.csproj]
E:\Code\Conditioning-Control-Panel\ConditioningControlPanel\CCP.Avalonia\Platform\AvaloniaBrowserHost.cs(25,40): warning CS0067: The event 'AvaloniaBrowserHost.TitleChanged' is never used [E:\Code\Conditioning-Control-Panel\ConditioningControlPanel\CCP.Avalonia\CCP.Avalonia.csproj]
E:\Code\Conditioning-Control-Panel\ConditioningControlPanel\CCP.Avalonia\AvatarTube\AvatarTubeWindow.axaml.cs(123,22): warning CS0169: The field 'AvatarTubeWindow._hiddenForChaos' is never used [E:\Code\Conditioning-Control-Panel\ConditioningControlPanel\CCP.Avalonia\CCP.Avalonia.csproj]
E:\Code\Conditioning-Control-Panel\ConditioningControlPanel\CCP.Avalonia\AvatarTube\AvatarTubeWindow.axaml.cs(73,21): warning CS0169: The field 'AvatarTubeWindow._interactionCount' is never used [E:\Code\Conditioning-Control-Panel\ConditioningControlPanel\CCP.Avalonia\CCP.Avalonia.csproj]
E:\Code\Conditioning-Control-Panel\ConditioningControlPanel\CCP.Avalonia\Platform\AvaloniaInputHook.cs(10,55): warning CS0067: The event 'AvaloniaInputHook.KeyPressed' is never used [E:\Code\Conditioning-Control-Panel\ConditioningControlPanel\CCP.Avalonia\CCP.Avalonia.csproj]
E:\Code\Conditioning-Control-Panel\ConditioningControlPanel\CCP.Avalonia\AvatarTube\AvatarTubeWindow.axaml.cs(124,22): warning CS0169: The field 'AvatarTubeWindow._reattachAfterChaos' is never used [E:\Code\Conditioning-Control-Panel\ConditioningControlPanel\CCP.Avalonia\CCP.Avalonia.csproj]
E:\Code\Conditioning-Control-Panel\ConditioningControlPanel\CCP.Avalonia\AvatarTube\AvatarTubeWindow.Windowing.cs(14,22): warning CS0169: The field 'AvatarTubeWindow._reassertingAboveParent' is never used [E:\Code\Conditioning-Control-Panel\ConditioningControlPanel\CCP.Avalonia\CCP.Avalonia.csproj]
E:\Code\Conditioning-Control-Panel\ConditioningControlPanel\CCP.Avalonia\AvatarTube\AvatarTubeWindow.CirceEmotes.cs(19,22): warning CS0414: The field 'AvatarTubeWindow._circeClickCooldownTick' is assigned but its value is never used [E:\Code\Conditioning-Control-Panel\ConditioningControlPanel\CCP.Avalonia\CCP.Avalonia.csproj]
E:\Code\Conditioning-Control-Panel\ConditioningControlPanel\CCP.Avalonia\AvatarTube\AvatarTubeWindow.CirceEmotes.cs(10,22): warning CS0414: The field 'AvatarTubeWindow._circeReacting' is assigned but its value is never used [E:\Code\Conditioning-Control-Panel\ConditioningControlPanel\CCP.Avalonia\CCP.Avalonia.csproj]
E:\Code\Conditioning-Control-Panel\ConditioningControlPanel\CCP.Avalonia\AvatarTube\AvatarTubeWindow.axaml.cs(121,22): warning CS0414: The field 'AvatarTubeWindow._hiddenForFullscreen' is assigned but its value is never used [E:\Code\Conditioning-Control-Panel\ConditioningControlPanel\CCP.Avalonia\CCP.Avalonia.csproj]
E:\Code\Conditioning-Control-Panel\ConditioningControlPanel\CCP.Avalonia\AvatarTube\AvatarTubeWindow.CirceEmotes.cs(21,22): warning CS0414: The field 'AvatarTubeWindow._circeTalkSeqActive' is assigned but its value is never used [E:\Code\Conditioning-Control-Panel\ConditioningControlPanel\CCP.Avalonia\CCP.Avalonia.csproj]
E:\Code\Conditioning-Control-Panel\ConditioningControlPanel\CCP.Avalonia\AvatarTube\AvatarTubeWindow.Avatar.cs(19,25): warning CS0414: The field 'AvatarTubeWindow._portraitSet' is assigned but its value is never used [E:\Code\Conditioning-Control-Panel\ConditioningControlPanel\CCP.Avalonia\CCP.Avalonia.csproj]
E:\Code\Conditioning-Control-Panel\ConditioningControlPanel\CCP.Avalonia\AvatarTube\AvatarTubeWindow.Avatar.cs(21,24): warning CS0414: The field 'AvatarTubeWindow._currentEmotion' is assigned but its value is never used [E:\Code\Conditioning-Control-Panel\ConditioningControlPanel\CCP.Avalonia\CCP.Avalonia.csproj]
E:\Code\Conditioning-Control-Panel\ConditioningControlPanel\CCP.Avalonia\Dialogs\LoginDialog.axaml.cs(78,21): error CS1061: 'TextBox' does not contain a definition for 'Password' and no accessible extension method 'Password' accepting a first argument of type 'TextBox' could be found (are you missing a using directive or an assembly reference?) [E:\Code\Conditioning-Control-Panel\ConditioningControlPanel\CCP.Avalonia\CCP.Avalonia.csproj]
E:\Code\Conditioning-Control-Panel\ConditioningControlPanel\CCP.Avalonia\Dialogs\LoginDialog.axaml.cs(79,28): error CS1061: 'TextBox' does not contain a definition for 'Password' and no accessible extension method 'Password' accepting a first argument of type 'TextBox' could be found (are you missing a using directive or an assembly reference?) [E:\Code\Conditioning-Control-Panel\ConditioningControlPanel\CCP.Avalonia\CCP.Avalonia.csproj]
E:\Code\Conditioning-Control-Panel\ConditioningControlPanel\CCP.Avalonia\Dialogs\LoginDialog.axaml.cs(418,21): error CS1061: 'TextBox' does not contain a definition for 'Password' and no accessible extension method 'Password' accepting a first argument of type 'TextBox' could be found (are you missing a using directive or an assembly reference?) [E:\Code\Conditioning-Control-Panel\ConditioningControlPanel\CCP.Avalonia\CCP.Avalonia.csproj]
E:\Code\Conditioning-Control-Panel\ConditioningControlPanel\CCP.Avalonia\Dialogs\LoginDialog.axaml.cs(419,28): error CS1061: 'TextBox' does not contain a definition for 'Password' and no accessible extension method 'Password' accepting a first argument of type 'TextBox' could be found (are you missing a using directive or an assembly reference?) [E:\Code\Conditioning-Control-Panel\ConditioningControlPanel\CCP.Avalonia\CCP.Avalonia.csproj]
E:\Code\Conditioning-Control-Panel\ConditioningControlPanel\CCP.Avalonia\Dialogs\LoginDialog.axaml.cs(477,36): error CS1061: 'TextBox' does not contain a definition for 'Password' and no accessible extension method 'Password' accepting a first argument of type 'TextBox' could be found (are you missing a using directive or an assembly reference?) [E:\Code\Conditioning-Control-Panel\ConditioningControlPanel\CCP.Avalonia\CCP.Avalonia.csproj]
E:\Code\Conditioning-Control-Panel\ConditioningControlPanel\CCP.Avalonia\Dialogs\LoginDialog.axaml.cs(498,36): error CS1061: 'TextBox' does not contain a definition for 'Password' and no accessible extension method 'Password' accepting a first argument of type 'TextBox' could be found (are you missing a using directive or an assembly reference?) [E:\Code\Conditioning-Control-Panel\ConditioningControlPanel\CCP.Avalonia\CCP.Avalonia.csproj]
E:\Code\Conditioning-Control-Panel\ConditioningControlPanel\CCP.Avalonia\Dialogs\LoginDialog.axaml.cs(886,33): error CS1061: 'IClipboard' does not contain a definition for 'SetTextAsync' and no accessible extension method 'SetTextAsync' accepting a first argument of type 'IClipboard' could be found (are you missing a using directive or an assembly reference?) [E:\Code\Conditioning-Control-Panel\ConditioningControlPanel\CCP.Avalonia\CCP.Avalonia.csproj]
    66 Warning(s)
    7 Error(s)

Time Elapsed 00:00:01.19
